{"context":"HttpExceptionFilter","level":"error","message":"POST /auth/register 404 - Cannot POST /auth/register","stack":["NotFoundException: Cannot POST /auth/register\n    at callback (C:\\Users\\kaviraja\\Desktop\\hr-enterprise\\backend\\node_modules\\.pnpm\\@nestjs+core@11.1.13_@nestj_96be42e2ef954f3497dd2af707cd3b66\\node_modules\\@nestjs\\core\\router\\routes-resolver.js:77:19)\n    at C:\\Users\\kaviraja\\Desktop\\hr-enterprise\\backend\\node_modules\\.pnpm\\@nestjs+core@11.1.13_@nestj_96be42e2ef954f3497dd2af707cd3b66\\node_modules\\@nestjs\\core\\router\\router-proxy.js:9:23\n    at Layer.handleRequest (C:\\Users\\kaviraja\\Desktop\\hr-enterprise\\backend\\node_modules\\.pnpm\\router@2.2.0\\node_modules\\router\\lib\\layer.js:152:17)\n    at trimPrefix (C:\\Users\\kaviraja\\Desktop\\hr-enterprise\\backend\\node_modules\\.pnpm\\router@2.2.0\\node_modules\\router\\index.js:342:13)\n    at C:\\Users\\kaviraja\\Desktop\\hr-enterprise\\backend\\node_modules\\.pnpm\\router@2.2.0\\node_modules\\router\\index.js:297:9\n    at processParams (C:\\Users\\kaviraja\\Desktop\\hr-enterprise\\backend\\node_modules\\.pnpm\\router@2.2.0\\node_modules\\router\\index.js:582:12)\n    at next (C:\\Users\\kaviraja\\Desktop\\hr-enterprise\\backend\\node_modules\\.pnpm\\router@2.2.0\\node_modules\\router\\index.js:291:5)\n    at read (C:\\Users\\kaviraja\\Desktop\\hr-enterprise\\backend\\node_modules\\.pnpm\\body-parser@2.2.2\\node_modules\\body-parser\\lib\\read.js:42:5)\n    at urlencodedParser (C:\\Users\\kaviraja\\Desktop\\hr-enterprise\\backend\\node_modules\\.pnpm\\body-parser@2.2.2\\node_modules\\body-parser\\lib\\types\\urlencoded.js:57:5)\n    at Layer.handleRequest (C:\\Users\\kaviraja\\Desktop\\hr-enterprise\\backend\\node_modules\\.pnpm\\router@2.2.0\\node_modules\\router\\lib\\layer.js:152:17)"],"timestamp":"2026-02-17T02:16:10.232Z"}
{"context":"HttpExceptionFilter","level":"error","message":"POST /auth/register 404 - Cannot POST /auth/register","stack":["NotFoundException: Cannot POST /auth/register\n    at callback (C:\\Users\\kaviraja\\Desktop\\hr-enterprise\\backend\\node_modules\\.pnpm\\@nestjs+core@11.1.13_@nestj_96be42e2ef954f3497dd2af707cd3b66\\node_modules\\@nestjs\\core\\router\\routes-resolver.js:77:19)\n    at C:\\Users\\kaviraja\\Desktop\\hr-enterprise\\backend\\node_modules\\.pnpm\\@nestjs+core@11.1.13_@nestj_96be42e2ef954f3497dd2af707cd3b66\\node_modules\\@nestjs\\core\\router\\router-proxy.js:9:23\n    at Layer.handleRequest (C:\\Users\\kaviraja\\Desktop\\hr-enterprise\\backend\\node_modules\\.pnpm\\router@2.2.0\\node_modules\\router\\lib\\layer.js:152:17)\n    at trimPrefix (C:\\Users\\kaviraja\\Desktop\\hr-enterprise\\backend\\node_modules\\.pnpm\\router@2.2.0\\node_modules\\router\\index.js:342:13)\n    at C:\\Users\\kaviraja\\Desktop\\hr-enterprise\\backend\\node_modules\\.pnpm\\router@2.2.0\\node_modules\\router\\index.js:297:9\n    at processParams (C:\\Users\\kaviraja\\Desktop\\hr-enterprise\\backend\\node_modules\\.pnpm\\router@2.2.0\\node_modules\\router\\index.js:582:12)\n    at next (C:\\Users\\kaviraja\\Desktop\\hr-enterprise\\backend\\node_modules\\.pnpm\\router@2.2.0\\node_modules\\router\\index.js:291:5)\n    at read (C:\\Users\\kaviraja\\Desktop\\hr-enterprise\\backend\\node_modules\\.pnpm\\body-parser@2.2.2\\node_modules\\body-parser\\lib\\read.js:42:5)\n    at urlencodedParser (C:\\Users\\kaviraja\\Desktop\\hr-enterprise\\backend\\node_modules\\.pnpm\\body-parser@2.2.2\\node_modules\\body-parser\\lib\\types\\urlencoded.js:57:5)\n    at Layer.handleRequest (C:\\Users\\kaviraja\\Desktop\\hr-enterprise\\backend\\node_modules\\.pnpm\\router@2.2.0\\node_modules\\router\\lib\\layer.js:152:17)"],"timestamp":"2026-02-17T02:16:11.400Z"}
{"context":"HttpExceptionFilter","level":"error","message":"POST /auth/login 404 - Cannot POST /auth/login","stack":["NotFoundException: Cannot POST /auth/login\n    at callback (C:\\Users\\kaviraja\\Desktop\\hr-enterprise\\backend\\node_modules\\.pnpm\\@nestjs+core@11.1.13_@nestj_96be42e2ef954f3497dd2af707cd3b66\\node_modules\\@nestjs\\core\\router\\routes-resolver.js:77:19)\n    at C:\\Users\\kaviraja\\Desktop\\hr-enterprise\\backend\\node_modules\\.pnpm\\@nestjs+core@11.1.13_@nestj_96be42e2ef954f3497dd2af707cd3b66\\node_modules\\@nestjs\\core\\router\\router-proxy.js:9:23\n    at Layer.handleRequest (C:\\Users\\kaviraja\\Desktop\\hr-enterprise\\backend\\node_modules\\.pnpm\\router@2.2.0\\node_modules\\router\\lib\\layer.js:152:17)\n    at trimPrefix (C:\\Users\\kaviraja\\Desktop\\hr-enterprise\\backend\\node_modules\\.pnpm\\router@2.2.0\\node_modules\\router\\index.js:342:13)\n    at C:\\Users\\kaviraja\\Desktop\\hr-enterprise\\backend\\node_modules\\.pnpm\\router@2.2.0\\node_modules\\router\\index.js:297:9\n    at processParams (C:\\Users\\kaviraja\\Desktop\\hr-enterprise\\backend\\node_modules\\.pnpm\\router@2.2.0\\node_modules\\router\\index.js:582:12)\n    at next (C:\\Users\\kaviraja\\Desktop\\hr-enterprise\\backend\\node_modules\\.pnpm\\router@2.2.0\\node_modules\\router\\index.js:291:5)\n    at read (C:\\Users\\kaviraja\\Desktop\\hr-enterprise\\backend\\node_modules\\.pnpm\\body-parser@2.2.2\\node_modules\\body-parser\\lib\\read.js:42:5)\n    at urlencodedParser (C:\\Users\\kaviraja\\Desktop\\hr-enterprise\\backend\\node_modules\\.pnpm\\body-parser@2.2.2\\node_modules\\body-parser\\lib\\types\\urlencoded.js:57:5)\n    at Layer.handleRequest (C:\\Users\\kaviraja\\Desktop\\hr-enterprise\\backend\\node_modules\\.pnpm\\router@2.2.0\\node_modules\\router\\lib\\layer.js:152:17)"],"timestamp":"2026-02-17T02:17:58.691Z"}
{"context":"HttpExceptionFilter","level":"error","message":"POST /auth/login 404 - Cannot POST /auth/login","stack":["NotFoundException: Cannot POST /auth/login\n    at callback (C:\\Users\\kaviraja\\Desktop\\hr-enterprise\\backend\\node_modules\\.pnpm\\@nestjs+core@11.1.13_@nestj_96be42e2ef954f3497dd2af707cd3b66\\node_modules\\@nestjs\\core\\router\\routes-resolver.js:77:19)\n    at C:\\Users\\kaviraja\\Desktop\\hr-enterprise\\backend\\node_modules\\.pnpm\\@nestjs+core@11.1.13_@nestj_96be42e2ef954f3497dd2af707cd3b66\\node_modules\\@nestjs\\core\\router\\router-proxy.js:9:23\n    at Layer.handleRequest (C:\\Users\\kaviraja\\Desktop\\hr-enterprise\\backend\\node_modules\\.pnpm\\router@2.2.0\\node_modules\\router\\lib\\layer.js:152:17)\n    at trimPrefix (C:\\Users\\kaviraja\\Desktop\\hr-enterprise\\backend\\node_modules\\.pnpm\\router@2.2.0\\node_modules\\router\\index.js:342:13)\n    at C:\\Users\\kaviraja\\Desktop\\hr-enterprise\\backend\\node_modules\\.pnpm\\router@2.2.0\\node_modules\\router\\index.js:297:9\n    at processParams (C:\\Users\\kaviraja\\Desktop\\hr-enterprise\\backend\\node_modules\\.pnpm\\router@2.2.0\\node_modules\\router\\index.js:582:12)\n    at next (C:\\Users\\kaviraja\\Desktop\\hr-enterprise\\backend\\node_modules\\.pnpm\\router@2.2.0\\node_modules\\router\\index.js:291:5)\n    at read (C:\\Users\\kaviraja\\Desktop\\hr-enterprise\\backend\\node_modules\\.pnpm\\body-parser@2.2.2\\node_modules\\body-parser\\lib\\read.js:42:5)\n    at urlencodedParser (C:\\Users\\kaviraja\\Desktop\\hr-enterprise\\backend\\node_modules\\.pnpm\\body-parser@2.2.2\\node_modules\\body-parser\\lib\\types\\urlencoded.js:57:5)\n    at Layer.handleRequest (C:\\Users\\kaviraja\\Desktop\\hr-enterprise\\backend\\node_modules\\.pnpm\\router@2.2.0\\node_modules\\router\\lib\\layer.js:152:17)"],"timestamp":"2026-02-17T02:20:41.157Z"}
{"context":"HttpExceptionFilter","level":"error","message":"GET /employees/new 404 - Employee with ID new not found","stack":["NotFoundException: Employee with ID new not found\n    at EmployeesService.findOne (C:\\Users\\kaviraja\\Desktop\\hr-enterprise\\backend\\src\\employees\\employees.service.ts:200:13)\n    at process.processTicksAndRejections (node:internal/process/task_queues:103:5)"],"timestamp":"2026-02-17T02:22:35.565Z"}
{"context":"HttpExceptionFilter","level":"error","message":"GET /employees/new 404 - Employee with ID new not found","stack":["NotFoundException: Employee with ID new not found\n    at EmployeesService.findOne (C:\\Users\\kaviraja\\Desktop\\hr-enterprise\\backend\\src\\employees\\employees.service.ts:200:13)\n    at process.processTicksAndRejections (node:internal/process/task_queues:103:5)"],"timestamp":"2026-02-17T02:22:36.590Z"}
{"context":"HttpExceptionFilter","level":"error","message":"GET /employees/new 404 - Employee with ID new not found","stack":["NotFoundException: Employee with ID new not found\n    at EmployeesService.findOne (C:\\Users\\kaviraja\\Desktop\\hr-enterprise\\backend\\src\\employees\\employees.service.ts:200:13)\n    at process.processTicksAndRejections (node:internal/process/task_queues:103:5)"],"timestamp":"2026-02-17T02:25:30.804Z"}
{"context":"HttpExceptionFilter","level":"error","message":"GET /employees/new 404 - Employee with ID new not found","stack":["NotFoundException: Employee with ID new not found\n    at EmployeesService.findOne (C:\\Users\\kaviraja\\Desktop\\hr-enterprise\\backend\\src\\employees\\employees.service.ts:200:13)\n    at process.processTicksAndRejections (node:internal/process/task_queues:103:5)"],"timestamp":"2026-02-17T02:25:31.825Z"}
{"context":"HttpExceptionFilter","level":"error","message":"GET /attendance/today-stats 404 - Attendance record with ID today-stats not found","stack":["NotFoundException: Attendance record with ID today-stats not found\n    at AttendanceService.findOne (C:\\Users\\kaviraja\\Desktop\\hr-enterprise\\backend\\src\\attendance\\attendance.service.ts:385:13)\n    at process.processTicksAndRejections (node:internal/process/task_queues:103:5)"],"timestamp":"2026-02-17T02:25:57.761Z"}
{"context":"HttpExceptionFilter","level":"error","message":"GET /attendance/today-stats 404 - Attendance record with ID today-stats not found","stack":["NotFoundException: Attendance record with ID today-stats not found\n    at AttendanceService.findOne (C:\\Users\\kaviraja\\Desktop\\hr-enterprise\\backend\\src\\attendance\\attendance.service.ts:385:13)\n    at process.processTicksAndRejections (node:internal/process/task_queues:103:5)"],"timestamp":"2026-02-17T02:25:58.772Z"}
{"context":"HttpExceptionFilter","level":"error","message":"GET /auth/me 401 - Invalid or expired token","stack":["UnauthorizedException: Invalid or expired token\n    at JwtAuthGuard.canActivate (C:\\Users\\kaviraja\\Desktop\\hr-enterprise\\backend\\src\\common\\guards\\jwt-auth.guard.ts:63:13)\n    at process.processTicksAndRejections (node:internal/process/task_queues:103:5)\n    at async GuardsConsumer.tryActivate (C:\\Users\\kaviraja\\Desktop\\hr-enterprise\\backend\\node_modules\\.pnpm\\@nestjs+core@11.1.13_@nestj_96be42e2ef954f3497dd2af707cd3b66\\node_modules\\@nestjs\\core\\guards\\guards-consumer.js:22:17)\n    at async canActivateFn (C:\\Users\\kaviraja\\Desktop\\hr-enterprise\\backend\\node_modules\\.pnpm\\@nestjs+core@11.1.13_@nestj_96be42e2ef954f3497dd2af707cd3b66\\node_modules\\@nestjs\\core\\router\\router-execution-context.js:135:33)\n    at async C:\\Users\\kaviraja\\Desktop\\hr-enterprise\\backend\\node_modules\\.pnpm\\@nestjs+core@11.1.13_@nestj_96be42e2ef954f3497dd2af707cd3b66\\node_modules\\@nestjs\\core\\router\\router-execution-context.js:42:31\n    at async C:\\Users\\kaviraja\\Desktop\\hr-enterprise\\backend\\node_modules\\.pnpm\\@nestjs+core@11.1.13_@nestj_96be42e2ef954f3497dd2af707cd3b66\\node_modules\\@nestjs\\core\\router\\router-proxy.js:9:17"],"timestamp":"2026-02-17T03:35:54.672Z"}
{"context":"HttpExceptionFilter","level":"error","message":"GET /auth/me 401 - Invalid or expired token","stack":["UnauthorizedException: Invalid or expired token\n    at JwtAuthGuard.canActivate (C:\\Users\\kaviraja\\Desktop\\hr-enterprise\\backend\\src\\common\\guards\\jwt-auth.guard.ts:63:13)\n    at process.processTicksAndRejections (node:internal/process/task_queues:103:5)\n    at async GuardsConsumer.tryActivate (C:\\Users\\kaviraja\\Desktop\\hr-enterprise\\backend\\node_modules\\.pnpm\\@nestjs+core@11.1.13_@nestj_96be42e2ef954f3497dd2af707cd3b66\\node_modules\\@nestjs\\core\\guards\\guards-consumer.js:22:17)\n    at async canActivateFn (C:\\Users\\kaviraja\\Desktop\\hr-enterprise\\backend\\node_modules\\.pnpm\\@nestjs+core@11.1.13_@nestj_96be42e2ef954f3497dd2af707cd3b66\\node_modules\\@nestjs\\core\\router\\router-execution-context.js:135:33)\n    at async C:\\Users\\kaviraja\\Desktop\\hr-enterprise\\backend\\node_modules\\.pnpm\\@nestjs+core@11.1.13_@nestj_96be42e2ef954f3497dd2af707cd3b66\\node_modules\\@nestjs\\core\\router\\router-execution-context.js:42:31\n    at async C:\\Users\\kaviraja\\Desktop\\hr-enterprise\\backend\\node_modules\\.pnpm\\@nestjs+core@11.1.13_@nestj_96be42e2ef954f3497dd2af707cd3b66\\node_modules\\@nestjs\\core\\router\\router-proxy.js:9:17"],"timestamp":"2026-02-17T03:35:54.681Z"}
{"context":"PrismaExceptionFilter","level":"error","message":"POST /auth/refresh 409 - P2002: Unique constraint violation","stack":[null],"timestamp":"2026-02-17T03:35:54.935Z"}
{"context":"HttpExceptionFilter","level":"error","message":"GET /employees/new 404 - Employee with ID new not found","stack":["NotFoundException: Employee with ID new not found\n    at EmployeesService.findOne (C:\\Users\\kaviraja\\Desktop\\hr-enterprise\\backend\\src\\employees\\employees.service.ts:200:13)\n    at process.processTicksAndRejections (node:internal/process/task_queues:103:5)"],"timestamp":"2026-02-17T03:36:01.870Z"}
{"context":"HttpExceptionFilter","level":"error","message":"GET /employees/new 404 - Employee with ID new not found","stack":["NotFoundException: Employee with ID new not found\n    at EmployeesService.findOne (C:\\Users\\kaviraja\\Desktop\\hr-enterprise\\backend\\src\\employees\\employees.service.ts:200:13)\n    at process.processTicksAndRejections (node:internal/process/task_queues:103:5)"],"timestamp":"2026-02-17T03:36:02.886Z"}
{"context":"HttpExceptionFilter","level":"error","message":"GET /employees/new 404 - Employee with ID new not found","stack":["NotFoundException: Employee with ID new not found\n    at EmployeesService.findOne (C:\\Users\\kaviraja\\Desktop\\hr-enterprise\\backend\\src\\employees\\employees.service.ts:200:13)\n    at process.processTicksAndRejections (node:internal/process/task_queues:103:5)"],"timestamp":"2026-02-17T03:36:32.478Z"}
{"context":"HttpExceptionFilter","level":"error","message":"GET /employees/new 404 - Employee with ID new not found","stack":["NotFoundException: Employee with ID new not found\n    at EmployeesService.findOne (C:\\Users\\kaviraja\\Desktop\\hr-enterprise\\backend\\src\\employees\\employees.service.ts:200:13)\n    at process.processTicksAndRejections (node:internal/process/task_queues:103:5)"],"timestamp":"2026-02-17T03:36:33.490Z"}
{"context":"HttpExceptionFilter","level":"error","message":"GET /attendance/today-stats 404 - Attendance record with ID today-stats not found","stack":["NotFoundException: Attendance record with ID today-stats not found\n    at AttendanceService.findOne (C:\\Users\\kaviraja\\Desktop\\hr-enterprise\\backend\\src\\attendance\\attendance.service.ts:385:13)\n    at process.processTicksAndRejections (node:internal/process/task_queues:103:5)"],"timestamp":"2026-02-17T03:37:44.085Z"}
{"context":"HttpExceptionFilter","level":"error","message":"GET /attendance/today-stats 404 - Attendance record with ID today-stats not found","stack":["NotFoundException: Attendance record with ID today-stats not found\n    at AttendanceService.findOne (C:\\Users\\kaviraja\\Desktop\\hr-enterprise\\backend\\src\\attendance\\attendance.service.ts:385:13)\n    at process.processTicksAndRejections (node:internal/process/task_queues:103:5)"],"timestamp":"2026-02-17T03:37:45.099Z"}
{"context":"HttpExceptionFilter","level":"error","message":"POST /employees 400 - Employee code must be in format EMP followed by 3-5 digits","stack":["BadRequestException: Bad Request Exception\n    at ValidationPipe.exceptionFactory (C:\\Users\\kaviraja\\Desktop\\hr-enterprise\\backend\\node_modules\\.pnpm\\@nestjs+common@11.1.13_clas_80aac132958688bcba90b35163f9dcdb\\node_modules\\@nestjs\\common\\pipes\\validation.pipe.js:112:20)\n    at ValidationPipe.transform (C:\\Users\\kaviraja\\Desktop\\hr-enterprise\\backend\\node_modules\\.pnpm\\@nestjs+common@11.1.13_clas_80aac132958688bcba90b35163f9dcdb\\node_modules\\@nestjs\\common\\pipes\\validation.pipe.js:79:30)\n    at process.processTicksAndRejections (node:internal/process/task_queues:103:5)\n    at async resolveParamValue (C:\\Users\\kaviraja\\Desktop\\hr-enterprise\\backend\\node_modules\\.pnpm\\@nestjs+core@11.1.13_@nestj_96be42e2ef954f3497dd2af707cd3b66\\node_modules\\@nestjs\\core\\router\\router-execution-context.js:148:23)\n    at async Promise.all (index 0)\n    at async pipesFn (C:\\Users\\kaviraja\\Desktop\\hr-enterprise\\backend\\node_modules\\.pnpm\\@nestjs+core@11.1.13_@nestj_96be42e2ef954f3497dd2af707cd3b66\\node_modules\\@nestjs\\core\\router\\router-execution-context.js:151:13)\n    at async C:\\Users\\kaviraja\\Desktop\\hr-enterprise\\backend\\node_modules\\.pnpm\\@nestjs+core@11.1.13_@nestj_96be42e2ef954f3497dd2af707cd3b66\\node_modules\\@nestjs\\core\\router\\router-execution-context.js:37:30"],"timestamp":"2026-02-17T03:40:38.741Z"}
{"context":"HttpExceptionFilter","level":"error","message":"POST /employees 400 - Employee code must be in format EMP followed by 3-5 digits","stack":["BadRequestException: Bad Request Exception\n    at ValidationPipe.exceptionFactory (C:\\Users\\kaviraja\\Desktop\\hr-enterprise\\backend\\node_modules\\.pnpm\\@nestjs+common@11.1.13_clas_80aac132958688bcba90b35163f9dcdb\\node_modules\\@nestjs\\common\\pipes\\validation.pipe.js:112:20)\n    at ValidationPipe.transform (C:\\Users\\kaviraja\\Desktop\\hr-enterprise\\backend\\node_modules\\.pnpm\\@nestjs+common@11.1.13_clas_80aac132958688bcba90b35163f9dcdb\\node_modules\\@nestjs\\common\\pipes\\validation.pipe.js:79:30)\n    at process.processTicksAndRejections (node:internal/process/task_queues:103:5)\n    at async resolveParamValue (C:\\Users\\kaviraja\\Desktop\\hr-enterprise\\backend\\node_modules\\.pnpm\\@nestjs+core@11.1.13_@nestj_96be42e2ef954f3497dd2af707cd3b66\\node_modules\\@nestjs\\core\\router\\router-execution-context.js:148:23)\n    at async Promise.all (index 0)\n    at async pipesFn (C:\\Users\\kaviraja\\Desktop\\hr-enterprise\\backend\\node_modules\\.pnpm\\@nestjs+core@11.1.13_@nestj_96be42e2ef954f3497dd2af707cd3b66\\node_modules\\@nestjs\\core\\router\\router-execution-context.js:151:13)\n    at async C:\\Users\\kaviraja\\Desktop\\hr-enterprise\\backend\\node_modules\\.pnpm\\@nestjs+core@11.1.13_@nestj_96be42e2ef954f3497dd2af707cd3b66\\node_modules\\@nestjs\\core\\router\\router-execution-context.js:37:30"],"timestamp":"2026-02-17T03:40:50.859Z"}
{"context":"HttpExceptionFilter","level":"error","message":"POST /employees 409 - Employee with email mkvr2006@gmail.com already exists","stack":["ConflictException: Employee with email mkvr2006@gmail.com already exists\n    at EmployeesService.create (C:\\Users\\kaviraja\\Desktop\\hr-enterprise\\backend\\src\\employees\\employees.service.ts:43:13)\n    at process.processTicksAndRejections (node:internal/process/task_queues:103:5)"],"timestamp":"2026-02-17T03:45:53.771Z"}
{"context":"HttpExceptionFilter","level":"error","message":"GET /attendance/today-stats 404 - Attendance record with ID today-stats not found","stack":["NotFoundException: Attendance record with ID today-stats not found\n    at AttendanceService.findOne (C:\\Users\\kaviraja\\Desktop\\hr-enterprise\\backend\\src\\attendance\\attendance.service.ts:385:13)\n    at process.processTicksAndRejections (node:internal/process/task_queues:103:5)"],"timestamp":"2026-02-17T03:46:32.639Z"}
{"context":"HttpExceptionFilter","level":"error","message":"GET /attendance/today-stats 404 - Attendance record with ID today-stats not found","stack":["NotFoundException: Attendance record with ID today-stats not found\n    at AttendanceService.findOne (C:\\Users\\kaviraja\\Desktop\\hr-enterprise\\backend\\src\\attendance\\attendance.service.ts:385:13)\n    at process.processTicksAndRejections (node:internal/process/task_queues:103:5)"],"timestamp":"2026-02-17T03:46:33.653Z"}
{"context":"HttpExceptionFilter","level":"error","message":"GET /attendance/today-stats 404 - Attendance record with ID today-stats not found","stack":["NotFoundException: Attendance record with ID today-stats not found\n    at AttendanceService.findOne (C:\\Users\\kaviraja\\Desktop\\hr-enterprise\\backend\\src\\attendance\\attendance.service.ts:385:13)\n    at process.processTicksAndRejections (node:internal/process/task_queues:103:5)"],"timestamp":"2026-02-17T03:46:35.679Z"}
{"context":"HttpExceptionFilter","level":"error","message":"GET /attendance/today-stats 404 - Attendance record with ID today-stats not found","stack":["NotFoundException: Attendance record with ID today-stats not found\n    at AttendanceService.findOne (C:\\Users\\kaviraja\\Desktop\\hr-enterprise\\backend\\src\\attendance\\attendance.service.ts:385:13)\n    at process.processTicksAndRejections (node:internal/process/task_queues:103:5)"],"timestamp":"2026-02-17T03:46:36.700Z"}
{"context":"HttpExceptionFilter","level":"error","message":"GET /attendance/today-stats 404 - Attendance record with ID today-stats not found","stack":["NotFoundException: Attendance record with ID today-stats not found\n    at AttendanceService.findOne (C:\\Users\\kaviraja\\Desktop\\hr-enterprise\\backend\\src\\attendance\\attendance.service.ts:385:13)\n    at process.processTicksAndRejections (node:internal/process/task_queues:103:5)"],"timestamp":"2026-02-17T03:47:01.225Z"}
{"context":"HttpExceptionFilter","level":"error","message":"GET /attendance/today-stats 404 - Attendance record with ID today-stats not found","stack":["NotFoundException: Attendance record with ID today-stats not found\n    at AttendanceService.findOne (C:\\Users\\kaviraja\\Desktop\\hr-enterprise\\backend\\src\\attendance\\attendance.service.ts:385:13)\n    at process.processTicksAndRejections (node:internal/process/task_queues:103:5)"],"timestamp":"2026-02-17T03:47:02.244Z"}
{"context":"HttpExceptionFilter","level":"error","message":"GET /attendance/today-stats 401 - Invalid or expired token","stack":["UnauthorizedException: Invalid or expired token\n    at JwtAuthGuard.canActivate (C:\\Users\\kaviraja\\Desktop\\hr-enterprise\\backend\\src\\common\\guards\\jwt-auth.guard.ts:63:13)\n    at process.processTicksAndRejections (node:internal/process/task_queues:103:5)\n    at async GuardsConsumer.tryActivate (C:\\Users\\kaviraja\\Desktop\\hr-enterprise\\backend\\node_modules\\.pnpm\\@nestjs+core@11.1.13_@nestj_96be42e2ef954f3497dd2af707cd3b66\\node_modules\\@nestjs\\core\\guards\\guards-consumer.js:22:17)\n    at async canActivateFn (C:\\Users\\kaviraja\\Desktop\\hr-enterprise\\backend\\node_modules\\.pnpm\\@nestjs+core@11.1.13_@nestj_96be42e2ef954f3497dd2af707cd3b66\\node_modules\\@nestjs\\core\\router\\router-execution-context.js:135:33)\n    at async C:\\Users\\kaviraja\\Desktop\\hr-enterprise\\backend\\node_modules\\.pnpm\\@nestjs+core@11.1.13_@nestj_96be42e2ef954f3497dd2af707cd3b66\\node_modules\\@nestjs\\core\\router\\router-execution-context.js:42:31\n    at async C:\\Users\\kaviraja\\Desktop\\hr-enterprise\\backend\\node_modules\\.pnpm\\@nestjs+core@11.1.13_@nestj_96be42e2ef954f3497dd2af707cd3b66\\node_modules\\@nestjs\\core\\router\\router-proxy.js:9:17"],"timestamp":"2026-02-17T03:51:28.966Z"}
{"context":"HttpExceptionFilter","level":"error","message":"GET /attendance/today-stats 404 - Attendance record with ID today-stats not found","stack":["NotFoundException: Attendance record with ID today-stats not found\n    at AttendanceService.findOne (C:\\Users\\kaviraja\\Desktop\\hr-enterprise\\backend\\src\\attendance\\attendance.service.ts:385:13)\n    at process.processTicksAndRejections (node:internal/process/task_queues:103:5)"],"timestamp":"2026-02-17T03:51:29.041Z"}
{"context":"HttpExceptionFilter","level":"error","message":"GET /attendance/today-stats 404 - Attendance record with ID today-stats not found","stack":["NotFoundException: Attendance record with ID today-stats not found\n    at AttendanceService.findOne (C:\\Users\\kaviraja\\Desktop\\hr-enterprise\\backend\\src\\attendance\\attendance.service.ts:385:13)\n    at process.processTicksAndRejections (node:internal/process/task_queues:103:5)"],"timestamp":"2026-02-17T03:52:59.997Z"}
{"context":"HttpExceptionFilter","level":"error","message":"GET /attendance/today-stats 404 - Attendance record with ID today-stats not found","stack":["NotFoundException: Attendance record with ID today-stats not found\n    at AttendanceService.findOne (C:\\Users\\kaviraja\\Desktop\\hr-enterprise\\backend\\src\\attendance\\attendance.service.ts:385:13)\n    at process.processTicksAndRejections (node:internal/process/task_queues:103:5)"],"timestamp":"2026-02-17T03:53:04.237Z"}
{"context":"HttpExceptionFilter","level":"error","message":"GET /attendance/today-stats 404 - Attendance record with ID today-stats not found","stack":["NotFoundException: Attendance record with ID today-stats not found\n    at AttendanceService.findOne (C:\\Users\\kaviraja\\Desktop\\hr-enterprise\\backend\\src\\attendance\\attendance.service.ts:385:13)\n    at process.processTicksAndRejections (node:internal/process/task_queues:103:5)"],"timestamp":"2026-02-17T03:53:05.257Z"}
{"context":"HttpExceptionFilter","level":"error","message":"GET /attendance/today-stats 404 - Attendance record with ID today-stats not found","stack":["NotFoundException: Attendance record with ID today-stats not found\n    at AttendanceService.findOne (C:\\Users\\kaviraja\\Desktop\\hr-enterprise\\backend\\src\\attendance\\attendance.service.ts:385:13)\n    at process.processTicksAndRejections (node:internal/process/task_queues:103:5)"],"timestamp":"2026-02-17T03:53:13.514Z"}
{"context":"HttpExceptionFilter","level":"error","message":"GET /attendance/today-stats 404 - Attendance record with ID today-stats not found","stack":["NotFoundException: Attendance record with ID today-stats not found\n    at AttendanceService.findOne (C:\\Users\\kaviraja\\Desktop\\hr-enterprise\\backend\\src\\attendance\\attendance.service.ts:385:13)\n    at process.processTicksAndRejections (node:internal/process/task_queues:103:5)"],"timestamp":"2026-02-17T03:53:14.537Z"}
{"context":"HttpExceptionFilter","level":"error","message":"GET /attendance/today-stats 404 - Attendance record with ID today-stats not found","stack":["NotFoundException: Attendance record with ID today-stats not found\n    at AttendanceService.findOne (C:\\Users\\kaviraja\\Desktop\\hr-enterprise\\backend\\src\\attendance\\attendance.service.ts:385:13)\n    at process.processTicksAndRejections (node:internal/process/task_queues:103:5)"],"timestamp":"2026-02-17T03:55:06.136Z"}
{"context":"HttpExceptionFilter","level":"error","message":"GET /attendance/today-stats 404 - Attendance record with ID today-stats not found","stack":["NotFoundException: Attendance record with ID today-stats not found\n    at AttendanceService.findOne (C:\\Users\\kaviraja\\Desktop\\hr-enterprise\\backend\\src\\attendance\\attendance.service.ts:385:13)\n    at process.processTicksAndRejections (node:internal/process/task_queues:103:5)"],"timestamp":"2026-02-17T03:55:07.163Z"}
{"context":"HttpExceptionFilter","level":"error","message":"POST /auth/logout 400 - refreshToken must be longer than or equal to 1 characters,refreshToken must be a string","stack":["BadRequestException: Bad Request Exception\n    at ValidationPipe.exceptionFactory (C:\\Users\\kaviraja\\Desktop\\hr-enterprise\\backend\\node_modules\\.pnpm\\@nestjs+common@11.1.13_clas_80aac132958688bcba90b35163f9dcdb\\node_modules\\@nestjs\\common\\pipes\\validation.pipe.js:112:20)\n    at ValidationPipe.transform (C:\\Users\\kaviraja\\Desktop\\hr-enterprise\\backend\\node_modules\\.pnpm\\@nestjs+common@11.1.13_clas_80aac132958688bcba90b35163f9dcdb\\node_modules\\@nestjs\\common\\pipes\\validation.pipe.js:79:30)\n    at process.processTicksAndRejections (node:internal/process/task_queues:103:5)\n    at async resolveParamValue (C:\\Users\\kaviraja\\Desktop\\hr-enterprise\\backend\\node_modules\\.pnpm\\@nestjs+core@11.1.13_@nestj_96be42e2ef954f3497dd2af707cd3b66\\node_modules\\@nestjs\\core\\router\\router-execution-context.js:148:23)\n    at async Promise.all (index 0)\n    at async pipesFn (C:\\Users\\kaviraja\\Desktop\\hr-enterprise\\backend\\node_modules\\.pnpm\\@nestjs+core@11.1.13_@nestj_96be42e2ef954f3497dd2af707cd3b66\\node_modules\\@nestjs\\core\\router\\router-execution-context.js:151:13)\n    at async C:\\Users\\kaviraja\\Desktop\\hr-enterprise\\backend\\node_modules\\.pnpm\\@nestjs+core@11.1.13_@nestj_96be42e2ef954f3497dd2af707cd3b66\\node_modules\\@nestjs\\core\\router\\router-execution-context.js:37:30"],"timestamp":"2026-02-17T03:58:46.766Z"}
{"context":"HttpExceptionFilter","level":"error","message":"GET /analytics/executive-summary 403 - Access denied. Required roles: admin, hr, manager","stack":["ForbiddenException: Access denied. Required roles: admin, hr, manager\n    at RolesGuard.canActivate (C:\\Users\\kaviraja\\Desktop\\hr-enterprise\\backend\\src\\common\\guards\\roles.guard.ts:40:13)\n    at GuardsConsumer.tryActivate (C:\\Users\\kaviraja\\Desktop\\hr-enterprise\\backend\\node_modules\\.pnpm\\@nestjs+core@11.1.13_@nestj_96be42e2ef954f3497dd2af707cd3b66\\node_modules\\@nestjs\\core\\guards\\guards-consumer.js:15:34)\n    at process.processTicksAndRejections (node:internal/process/task_queues:103:5)\n    at async canActivateFn (C:\\Users\\kaviraja\\Desktop\\hr-enterprise\\backend\\node_modules\\.pnpm\\@nestjs+core@11.1.13_@nestj_96be42e2ef954f3497dd2af707cd3b66\\node_modules\\@nestjs\\core\\router\\router-execution-context.js:135:33)\n    at async C:\\Users\\kaviraja\\Desktop\\hr-enterprise\\backend\\node_modules\\.pnpm\\@nestjs+core@11.1.13_@nestj_96be42e2ef954f3497dd2af707cd3b66\\node_modules\\@nestjs\\core\\router\\router-execution-context.js:42:31\n    at async C:\\Users\\kaviraja\\Desktop\\hr-enterprise\\backend\\node_modules\\.pnpm\\@nestjs+core@11.1.13_@nestj_96be42e2ef954f3497dd2af707cd3b66\\node_modules\\@nestjs\\core\\router\\router-proxy.js:9:17"],"timestamp":"2026-02-17T03:59:03.287Z"}
{"context":"HttpExceptionFilter","level":"error","message":"GET /analytics/executive-summary 403 - Access denied. Required roles: admin, hr, manager","stack":["ForbiddenException: Access denied. Required roles: admin, hr, manager\n    at RolesGuard.canActivate (C:\\Users\\kaviraja\\Desktop\\hr-enterprise\\backend\\src\\common\\guards\\roles.guard.ts:40:13)\n    at GuardsConsumer.tryActivate (C:\\Users\\kaviraja\\Desktop\\hr-enterprise\\backend\\node_modules\\.pnpm\\@nestjs+core@11.1.13_@nestj_96be42e2ef954f3497dd2af707cd3b66\\node_modules\\@nestjs\\core\\guards\\guards-consumer.js:15:34)\n    at process.processTicksAndRejections (node:internal/process/task_queues:103:5)\n    at async canActivateFn (C:\\Users\\kaviraja\\Desktop\\hr-enterprise\\backend\\node_modules\\.pnpm\\@nestjs+core@11.1.13_@nestj_96be42e2ef954f3497dd2af707cd3b66\\node_modules\\@nestjs\\core\\router\\router-execution-context.js:135:33)\n    at async C:\\Users\\kaviraja\\Desktop\\hr-enterprise\\backend\\node_modules\\.pnpm\\@nestjs+core@11.1.13_@nestj_96be42e2ef954f3497dd2af707cd3b66\\node_modules\\@nestjs\\core\\router\\router-execution-context.js:42:31\n    at async C:\\Users\\kaviraja\\Desktop\\hr-enterprise\\backend\\node_modules\\.pnpm\\@nestjs+core@11.1.13_@nestj_96be42e2ef954f3497dd2af707cd3b66\\node_modules\\@nestjs\\core\\router\\router-proxy.js:9:17"],"timestamp":"2026-02-17T03:59:04.305Z"}
{"context":"HttpExceptionFilter","level":"error","message":"GET /analytics/executive-summary 403 - Access denied. Required roles: admin, hr, manager","stack":["ForbiddenException: Access denied. Required roles: admin, hr, manager\n    at RolesGuard.canActivate (C:\\Users\\kaviraja\\Desktop\\hr-enterprise\\backend\\src\\common\\guards\\roles.guard.ts:40:13)\n    at GuardsConsumer.tryActivate (C:\\Users\\kaviraja\\Desktop\\hr-enterprise\\backend\\node_modules\\.pnpm\\@nestjs+core@11.1.13_@nestj_96be42e2ef954f3497dd2af707cd3b66\\node_modules\\@nestjs\\core\\guards\\guards-consumer.js:15:34)\n    at process.processTicksAndRejections (node:internal/process/task_queues:103:5)\n    at async canActivateFn (C:\\Users\\kaviraja\\Desktop\\hr-enterprise\\backend\\node_modules\\.pnpm\\@nestjs+core@11.1.13_@nestj_96be42e2ef954f3497dd2af707cd3b66\\node_modules\\@nestjs\\core\\router\\router-execution-context.js:135:33)\n    at async C:\\Users\\kaviraja\\Desktop\\hr-enterprise\\backend\\node_modules\\.pnpm\\@nestjs+core@11.1.13_@nestj_96be42e2ef954f3497dd2af707cd3b66\\node_modules\\@nestjs\\core\\router\\router-execution-context.js:42:31\n    at async C:\\Users\\kaviraja\\Desktop\\hr-enterprise\\backend\\node_modules\\.pnpm\\@nestjs+core@11.1.13_@nestj_96be42e2ef954f3497dd2af707cd3b66\\node_modules\\@nestjs\\core\\router\\router-proxy.js:9:17"],"timestamp":"2026-02-17T04:02:29.115Z"}
{"context":"HttpExceptionFilter","level":"error","message":"GET /analytics/executive-summary 403 - Access denied. Required roles: admin, hr, manager","stack":["ForbiddenException: Access denied. Required roles: admin, hr, manager\n    at RolesGuard.canActivate (C:\\Users\\kaviraja\\Desktop\\hr-enterprise\\backend\\src\\common\\guards\\roles.guard.ts:40:13)\n    at GuardsConsumer.tryActivate (C:\\Users\\kaviraja\\Desktop\\hr-enterprise\\backend\\node_modules\\.pnpm\\@nestjs+core@11.1.13_@nestj_96be42e2ef954f3497dd2af707cd3b66\\node_modules\\@nestjs\\core\\guards\\guards-consumer.js:15:34)\n    at process.processTicksAndRejections (node:internal/process/task_queues:103:5)\n    at async canActivateFn (C:\\Users\\kaviraja\\Desktop\\hr-enterprise\\backend\\node_modules\\.pnpm\\@nestjs+core@11.1.13_@nestj_96be42e2ef954f3497dd2af707cd3b66\\node_modules\\@nestjs\\core\\router\\router-execution-context.js:135:33)\n    at async C:\\Users\\kaviraja\\Desktop\\hr-enterprise\\backend\\node_modules\\.pnpm\\@nestjs+core@11.1.13_@nestj_96be42e2ef954f3497dd2af707cd3b66\\node_modules\\@nestjs\\core\\router\\router-execution-context.js:42:31\n    at async C:\\Users\\kaviraja\\Desktop\\hr-enterprise\\backend\\node_modules\\.pnpm\\@nestjs+core@11.1.13_@nestj_96be42e2ef954f3497dd2af707cd3b66\\node_modules\\@nestjs\\core\\router\\router-proxy.js:9:17"],"timestamp":"2026-02-17T04:02:30.166Z"}
{"context":"HttpExceptionFilter","level":"error","message":"GET /analytics/executive-summary 403 - Access denied. Required roles: admin, hr, manager","stack":["ForbiddenException: Access denied. Required roles: admin, hr, manager\n    at RolesGuard.canActivate (C:\\Users\\kaviraja\\Desktop\\hr-enterprise\\backend\\src\\common\\guards\\roles.guard.ts:40:13)\n    at GuardsConsumer.tryActivate (C:\\Users\\kaviraja\\Desktop\\hr-enterprise\\backend\\node_modules\\.pnpm\\@nestjs+core@11.1.13_@nestj_96be42e2ef954f3497dd2af707cd3b66\\node_modules\\@nestjs\\core\\guards\\guards-consumer.js:15:34)\n    at process.processTicksAndRejections (node:internal/process/task_queues:103:5)\n    at async canActivateFn (C:\\Users\\kaviraja\\Desktop\\hr-enterprise\\backend\\node_modules\\.pnpm\\@nestjs+core@11.1.13_@nestj_96be42e2ef954f3497dd2af707cd3b66\\node_modules\\@nestjs\\core\\router\\router-execution-context.js:135:33)\n    at async C:\\Users\\kaviraja\\Desktop\\hr-enterprise\\backend\\node_modules\\.pnpm\\@nestjs+core@11.1.13_@nestj_96be42e2ef954f3497dd2af707cd3b66\\node_modules\\@nestjs\\core\\router\\router-execution-context.js:42:31\n    at async C:\\Users\\kaviraja\\Desktop\\hr-enterprise\\backend\\node_modules\\.pnpm\\@nestjs+core@11.1.13_@nestj_96be42e2ef954f3497dd2af707cd3b66\\node_modules\\@nestjs\\core\\router\\router-proxy.js:9:17"],"timestamp":"2026-02-17T04:02:58.918Z"}
{"context":"HttpExceptionFilter","level":"error","message":"GET /analytics/executive-summary 403 - Access denied. Required roles: admin, hr, manager","stack":["ForbiddenException: Access denied. Required roles: admin, hr, manager\n    at RolesGuard.canActivate (C:\\Users\\kaviraja\\Desktop\\hr-enterprise\\backend\\src\\common\\guards\\roles.guard.ts:40:13)\n    at GuardsConsumer.tryActivate (C:\\Users\\kaviraja\\Desktop\\hr-enterprise\\backend\\node_modules\\.pnpm\\@nestjs+core@11.1.13_@nestj_96be42e2ef954f3497dd2af707cd3b66\\node_modules\\@nestjs\\core\\guards\\guards-consumer.js:15:34)\n    at process.processTicksAndRejections (node:internal/process/task_queues:103:5)\n    at async canActivateFn (C:\\Users\\kaviraja\\Desktop\\hr-enterprise\\backend\\node_modules\\.pnpm\\@nestjs+core@11.1.13_@nestj_96be42e2ef954f3497dd2af707cd3b66\\node_modules\\@nestjs\\core\\router\\router-execution-context.js:135:33)\n    at async C:\\Users\\kaviraja\\Desktop\\hr-enterprise\\backend\\node_modules\\.pnpm\\@nestjs+core@11.1.13_@nestj_96be42e2ef954f3497dd2af707cd3b66\\node_modules\\@nestjs\\core\\router\\router-execution-context.js:42:31\n    at async C:\\Users\\kaviraja\\Desktop\\hr-enterprise\\backend\\node_modules\\.pnpm\\@nestjs+core@11.1.13_@nestj_96be42e2ef954f3497dd2af707cd3b66\\node_modules\\@nestjs\\core\\router\\router-proxy.js:9:17"],"timestamp":"2026-02-17T04:02:59.944Z"}
{"context":"HttpExceptionFilter","level":"error","message":"GET /analytics/executive-summary 403 - Access denied. Required roles: admin, hr, manager","stack":["ForbiddenException: Access denied. Required roles: admin, hr, manager\n    at RolesGuard.canActivate (C:\\Users\\kaviraja\\Desktop\\hr-enterprise\\backend\\src\\common\\guards\\roles.guard.ts:40:13)\n    at GuardsConsumer.tryActivate (C:\\Users\\kaviraja\\Desktop\\hr-enterprise\\backend\\node_modules\\.pnpm\\@nestjs+core@11.1.13_@nestj_96be42e2ef954f3497dd2af707cd3b66\\node_modules\\@nestjs\\core\\guards\\guards-consumer.js:15:34)\n    at process.processTicksAndRejections (node:internal/process/task_queues:103:5)\n    at async canActivateFn (C:\\Users\\kaviraja\\Desktop\\hr-enterprise\\backend\\node_modules\\.pnpm\\@nestjs+core@11.1.13_@nestj_96be42e2ef954f3497dd2af707cd3b66\\node_modules\\@nestjs\\core\\router\\router-execution-context.js:135:33)\n    at async C:\\Users\\kaviraja\\Desktop\\hr-enterprise\\backend\\node_modules\\.pnpm\\@nestjs+core@11.1.13_@nestj_96be42e2ef954f3497dd2af707cd3b66\\node_modules\\@nestjs\\core\\router\\router-execution-context.js:42:31\n    at async C:\\Users\\kaviraja\\Desktop\\hr-enterprise\\backend\\node_modules\\.pnpm\\@nestjs+core@11.1.13_@nestj_96be42e2ef954f3497dd2af707cd3b66\\node_modules\\@nestjs\\core\\router\\router-proxy.js:9:17"],"timestamp":"2026-02-17T04:04:36.775Z"}
{"context":"HttpExceptionFilter","level":"error","message":"GET /analytics/executive-summary 403 - Access denied. Required roles: admin, hr, manager","stack":["ForbiddenException: Access denied. Required roles: admin, hr, manager\n    at RolesGuard.canActivate (C:\\Users\\kaviraja\\Desktop\\hr-enterprise\\backend\\src\\common\\guards\\roles.guard.ts:40:13)\n    at GuardsConsumer.tryActivate (C:\\Users\\kaviraja\\Desktop\\hr-enterprise\\backend\\node_modules\\.pnpm\\@nestjs+core@11.1.13_@nestj_96be42e2ef954f3497dd2af707cd3b66\\node_modules\\@nestjs\\core\\guards\\guards-consumer.js:15:34)\n    at process.processTicksAndRejections (node:internal/process/task_queues:103:5)\n    at async canActivateFn (C:\\Users\\kaviraja\\Desktop\\hr-enterprise\\backend\\node_modules\\.pnpm\\@nestjs+core@11.1.13_@nestj_96be42e2ef954f3497dd2af707cd3b66\\node_modules\\@nestjs\\core\\router\\router-execution-context.js:135:33)\n    at async C:\\Users\\kaviraja\\Desktop\\hr-enterprise\\backend\\node_modules\\.pnpm\\@nestjs+core@11.1.13_@nestj_96be42e2ef954f3497dd2af707cd3b66\\node_modules\\@nestjs\\core\\router\\router-execution-context.js:42:31\n    at async C:\\Users\\kaviraja\\Desktop\\hr-enterprise\\backend\\node_modules\\.pnpm\\@nestjs+core@11.1.13_@nestj_96be42e2ef954f3497dd2af707cd3b66\\node_modules\\@nestjs\\core\\router\\router-proxy.js:9:17"],"timestamp":"2026-02-17T04:04:37.799Z"}
{"context":"HttpExceptionFilter","level":"error","message":"GET /analytics/executive-summary 403 - Access denied. Required permissions: analytics:read","stack":["ForbiddenException: Access denied. Required permissions: analytics:read\n    at PermissionsGuard.canActivate (C:\\Users\\kaviraja\\Desktop\\hr-enterprise\\backend\\src\\common\\guards\\permissions.guard.ts:42:13)\n    at GuardsConsumer.tryActivate (C:\\Users\\kaviraja\\Desktop\\hr-enterprise\\backend\\node_modules\\.pnpm\\@nestjs+core@11.1.13_@nestj_96be42e2ef954f3497dd2af707cd3b66\\node_modules\\@nestjs\\core\\guards\\guards-consumer.js:15:34)\n    at process.processTicksAndRejections (node:internal/process/task_queues:103:5)\n    at async canActivateFn (C:\\Users\\kaviraja\\Desktop\\hr-enterprise\\backend\\node_modules\\.pnpm\\@nestjs+core@11.1.13_@nestj_96be42e2ef954f3497dd2af707cd3b66\\node_modules\\@nestjs\\core\\router\\router-execution-context.js:135:33)\n    at async C:\\Users\\kaviraja\\Desktop\\hr-enterprise\\backend\\node_modules\\.pnpm\\@nestjs+core@11.1.13_@nestj_96be42e2ef954f3497dd2af707cd3b66\\node_modules\\@nestjs\\core\\router\\router-execution-context.js:42:31\n    at async C:\\Users\\kaviraja\\Desktop\\hr-enterprise\\backend\\node_modules\\.pnpm\\@nestjs+core@11.1.13_@nestj_96be42e2ef954f3497dd2af707cd3b66\\node_modules\\@nestjs\\core\\router\\router-proxy.js:9:17"],"timestamp":"2026-02-17T04:05:32.502Z"}
{"context":"HttpExceptionFilter","level":"error","message":"GET /analytics/executive-summary 403 - Access denied. Required permissions: analytics:read","stack":["ForbiddenException: Access denied. Required permissions: analytics:read\n    at PermissionsGuard.canActivate (C:\\Users\\kaviraja\\Desktop\\hr-enterprise\\backend\\src\\common\\guards\\permissions.guard.ts:42:13)\n    at GuardsConsumer.tryActivate (C:\\Users\\kaviraja\\Desktop\\hr-enterprise\\backend\\node_modules\\.pnpm\\@nestjs+core@11.1.13_@nestj_96be42e2ef954f3497dd2af707cd3b66\\node_modules\\@nestjs\\core\\guards\\guards-consumer.js:15:34)\n    at process.processTicksAndRejections (node:internal/process/task_queues:103:5)\n    at async canActivateFn (C:\\Users\\kaviraja\\Desktop\\hr-enterprise\\backend\\node_modules\\.pnpm\\@nestjs+core@11.1.13_@nestj_96be42e2ef954f3497dd2af707cd3b66\\node_modules\\@nestjs\\core\\router\\router-execution-context.js:135:33)\n    at async C:\\Users\\kaviraja\\Desktop\\hr-enterprise\\backend\\node_modules\\.pnpm\\@nestjs+core@11.1.13_@nestj_96be42e2ef954f3497dd2af707cd3b66\\node_modules\\@nestjs\\core\\router\\router-execution-context.js:42:31\n    at async C:\\Users\\kaviraja\\Desktop\\hr-enterprise\\backend\\node_modules\\.pnpm\\@nestjs+core@11.1.13_@nestj_96be42e2ef954f3497dd2af707cd3b66\\node_modules\\@nestjs\\core\\router\\router-proxy.js:9:17"],"timestamp":"2026-02-17T04:05:33.537Z"}
{"context":"ExceptionHandler","error":{},"level":"error","message":"Nest could not find NestWinston element (this provider does not exist in the current context)","stack":["Error: Nest could not find NestWinston element (this provider does not exist in the current context)\n    at InstanceLinksHost.get (C:\\Users\\kaviraja\\Desktop\\hr-enterprise\\backend\\node_modules\\.pnpm\\@nestjs+core@11.1.13_@nestj_96be42e2ef954f3497dd2af707cd3b66\\node_modules\\@nestjs\\core\\injector\\instance-links-host.js:15:19)\n    at NestApplication.find (C:\\Users\\kaviraja\\Desktop\\hr-enterprise\\backend\\node_modules\\.pnpm\\@nestjs+core@11.1.13_@nestj_96be42e2ef954f3497dd2af707cd3b66\\node_modules\\@nestjs\\core\\injector\\abstract-instance-resolver.js:8:60)\n    at NestApplication.get (C:\\Users\\kaviraja\\Desktop\\hr-enterprise\\backend\\node_modules\\.pnpm\\@nestjs+core@11.1.13_@nestj_96be42e2ef954f3497dd2af707cd3b66\\node_modules\\@nestjs\\core\\nest-application-context.js:77:20)\n    at C:\\Users\\kaviraja\\Desktop\\hr-enterprise\\backend\\node_modules\\.pnpm\\@nestjs+core@11.1.13_@nestj_96be42e2ef954f3497dd2af707cd3b66\\node_modules\\@nestjs\\core\\nest-factory.js:149:40\n    at ExceptionsZone.run (C:\\Users\\kaviraja\\Desktop\\hr-enterprise\\backend\\node_modules\\.pnpm\\@nestjs+core@11.1.13_@nestj_96be42e2ef954f3497dd2af707cd3b66\\node_modules\\@nestjs\\core\\errors\\exceptions-zone.js:10:13)\n    at Proxy.<anonymous> (C:\\Users\\kaviraja\\Desktop\\hr-enterprise\\backend\\node_modules\\.pnpm\\@nestjs+core@11.1.13_@nestj_96be42e2ef954f3497dd2af707cd3b66\\node_modules\\@nestjs\\core\\nest-factory.js:148:46)\n    at Proxy.<anonymous> (C:\\Users\\kaviraja\\Desktop\\hr-enterprise\\backend\\node_modules\\.pnpm\\@nestjs+core@11.1.13_@nestj_96be42e2ef954f3497dd2af707cd3b66\\node_modules\\@nestjs\\core\\nest-factory.js:203:54)\n    at <anonymous> (C:\\Users\\kaviraja\\Desktop\\hr-enterprise\\backend\\src\\main.ts:54:24)\n    at Layer.handleRequest (C:\\Users\\kaviraja\\Desktop\\hr-enterprise\\backend\\node_modules\\.pnpm\\router@2.2.0\\node_modules\\router\\lib\\layer.js:152:17)\n    at trimPrefix (C:\\Users\\kaviraja\\Desktop\\hr-enterprise\\backend\\node_modules\\.pnpm\\router@2.2.0\\node_modules\\router\\index.js:342:13)"],"timestamp":"2026-02-17T04:18:56.133Z"}
{"context":"ExceptionHandler","error":{},"level":"error","message":"Nest could not find NestWinston element (this provider does not exist in the current context)","stack":["Error: Nest could not find NestWinston element (this provider does not exist in the current context)\n    at InstanceLinksHost.get (C:\\Users\\kaviraja\\Desktop\\hr-enterprise\\backend\\node_modules\\.pnpm\\@nestjs+core@11.1.13_@nestj_96be42e2ef954f3497dd2af707cd3b66\\node_modules\\@nestjs\\core\\injector\\instance-links-host.js:15:19)\n    at NestApplication.find (C:\\Users\\kaviraja\\Desktop\\hr-enterprise\\backend\\node_modules\\.pnpm\\@nestjs+core@11.1.13_@nestj_96be42e2ef954f3497dd2af707cd3b66\\node_modules\\@nestjs\\core\\injector\\abstract-instance-resolver.js:8:60)\n    at NestApplication.get (C:\\Users\\kaviraja\\Desktop\\hr-enterprise\\backend\\node_modules\\.pnpm\\@nestjs+core@11.1.13_@nestj_96be42e2ef954f3497dd2af707cd3b66\\node_modules\\@nestjs\\core\\nest-application-context.js:77:20)\n    at C:\\Users\\kaviraja\\Desktop\\hr-enterprise\\backend\\node_modules\\.pnpm\\@nestjs+core@11.1.13_@nestj_96be42e2ef954f3497dd2af707cd3b66\\node_modules\\@nestjs\\core\\nest-factory.js:149:40\n    at ExceptionsZone.run (C:\\Users\\kaviraja\\Desktop\\hr-enterprise\\backend\\node_modules\\.pnpm\\@nestjs+core@11.1.13_@nestj_96be42e2ef954f3497dd2af707cd3b66\\node_modules\\@nestjs\\core\\errors\\exceptions-zone.js:10:13)\n    at Proxy.<anonymous> (C:\\Users\\kaviraja\\Desktop\\hr-enterprise\\backend\\node_modules\\.pnpm\\@nestjs+core@11.1.13_@nestj_96be42e2ef954f3497dd2af707cd3b66\\node_modules\\@nestjs\\core\\nest-factory.js:148:46)\n    at Proxy.<anonymous> (C:\\Users\\kaviraja\\Desktop\\hr-enterprise\\backend\\node_modules\\.pnpm\\@nestjs+core@11.1.13_@nestj_96be42e2ef954f3497dd2af707cd3b66\\node_modules\\@nestjs\\core\\nest-factory.js:203:54)\n    at <anonymous> (C:\\Users\\kaviraja\\Desktop\\hr-enterprise\\backend\\src\\main.ts:54:24)\n    at Layer.handleRequest (C:\\Users\\kaviraja\\Desktop\\hr-enterprise\\backend\\node_modules\\.pnpm\\router@2.2.0\\node_modules\\router\\lib\\layer.js:152:17)\n    at trimPrefix (C:\\Users\\kaviraja\\Desktop\\hr-enterprise\\backend\\node_modules\\.pnpm\\router@2.2.0\\node_modules\\router\\index.js:342:13)"],"timestamp":"2026-02-17T04:21:59.046Z"}
{"context":"HttpExceptionFilter","level":"error","message":"GET /attendance/today-stats 401 - Access token is missing","stack":["UnauthorizedException: Access token is missing\n    at JwtAuthGuard.canActivate (C:\\Users\\kaviraja\\Desktop\\hr-enterprise\\backend\\src\\common\\guards\\jwt-auth.guard.ts:46:13)\n    at GuardsConsumer.tryActivate (C:\\Users\\kaviraja\\Desktop\\hr-enterprise\\backend\\node_modules\\.pnpm\\@nestjs+core@11.1.13_@nestj_96be42e2ef954f3497dd2af707cd3b66\\node_modules\\@nestjs\\core\\guards\\guards-consumer.js:15:34)\n    at canActivateFn (C:\\Users\\kaviraja\\Desktop\\hr-enterprise\\backend\\node_modules\\.pnpm\\@nestjs+core@11.1.13_@nestj_96be42e2ef954f3497dd2af707cd3b66\\node_modules\\@nestjs\\core\\router\\router-execution-context.js:135:59)\n    at C:\\Users\\kaviraja\\Desktop\\hr-enterprise\\backend\\node_modules\\.pnpm\\@nestjs+core@11.1.13_@nestj_96be42e2ef954f3497dd2af707cd3b66\\node_modules\\@nestjs\\core\\router\\router-execution-context.js:42:37\n    at C:\\Users\\kaviraja\\Desktop\\hr-enterprise\\backend\\node_modules\\.pnpm\\@nestjs+core@11.1.13_@nestj_96be42e2ef954f3497dd2af707cd3b66\\node_modules\\@nestjs\\core\\router\\router-proxy.js:9:23\n    at Layer.handleRequest (C:\\Users\\kaviraja\\Desktop\\hr-enterprise\\backend\\node_modules\\.pnpm\\router@2.2.0\\node_modules\\router\\lib\\layer.js:152:17)\n    at next (C:\\Users\\kaviraja\\Desktop\\hr-enterprise\\backend\\node_modules\\.pnpm\\router@2.2.0\\node_modules\\router\\lib\\route.js:157:13)\n    at Route.dispatch (C:\\Users\\kaviraja\\Desktop\\hr-enterprise\\backend\\node_modules\\.pnpm\\router@2.2.0\\node_modules\\router\\lib\\route.js:117:3)\n    at handle (C:\\Users\\kaviraja\\Desktop\\hr-enterprise\\backend\\node_modules\\.pnpm\\router@2.2.0\\node_modules\\router\\index.js:435:11)\n    at Layer.handleRequest (C:\\Users\\kaviraja\\Desktop\\hr-enterprise\\backend\\node_modules\\.pnpm\\router@2.2.0\\node_modules\\router\\lib\\layer.js:152:17)"],"timestamp":"2026-02-17T04:28:16.200Z"}
{"level":"error","message":"GET /attendance/today-stats 401 - 3ms - ::1 - Mozilla/5.0 (Windows NT; Windows NT 10.0; en-US) WindowsPowerShell/5.1.26100.7705","stack":[null],"timestamp":"2026-02-17T04:28:16.200Z"}
{"context":"HttpExceptionFilter","level":"error","message":"GET /attendance/today-stats 401 - Invalid or expired token","stack":["UnauthorizedException: Invalid or expired token\n    at JwtAuthGuard.canActivate (C:\\Users\\kaviraja\\Desktop\\hr-enterprise\\backend\\src\\common\\guards\\jwt-auth.guard.ts:63:13)\n    at process.processTicksAndRejections (node:internal/process/task_queues:103:5)\n    at async GuardsConsumer.tryActivate (C:\\Users\\kaviraja\\Desktop\\hr-enterprise\\backend\\node_modules\\.pnpm\\@nestjs+core@11.1.13_@nestj_96be42e2ef954f3497dd2af707cd3b66\\node_modules\\@nestjs\\core\\guards\\guards-consumer.js:22:17)\n    at async canActivateFn (C:\\Users\\kaviraja\\Desktop\\hr-enterprise\\backend\\node_modules\\.pnpm\\@nestjs+core@11.1.13_@nestj_96be42e2ef954f3497dd2af707cd3b66\\node_modules\\@nestjs\\core\\router\\router-execution-context.js:135:33)\n    at async C:\\Users\\kaviraja\\Desktop\\hr-enterprise\\backend\\node_modules\\.pnpm\\@nestjs+core@11.1.13_@nestj_96be42e2ef954f3497dd2af707cd3b66\\node_modules\\@nestjs\\core\\router\\router-execution-context.js:42:31\n    at async C:\\Users\\kaviraja\\Desktop\\hr-enterprise\\backend\\node_modules\\.pnpm\\@nestjs+core@11.1.13_@nestj_96be42e2ef954f3497dd2af707cd3b66\\node_modules\\@nestjs\\core\\router\\router-proxy.js:9:17"],"timestamp":"2026-02-17T04:42:15.994Z"}
{"level":"error","message":"GET /attendance/today-stats 401 - 7ms - ::1 - Mozilla/5.0 (Windows NT 10.0; Win64; x64) AppleWebKit/537.36 (KHTML, like Gecko) Chrome/144.0.0.0 Safari/537.36","stack":[null],"timestamp":"2026-02-17T04:42:15.996Z"}
{"context":"HttpExceptionFilter","level":"error","message":"GET /attendance?skip=0&take=10&startDate=2026-02-17&endDate=2026-02-17 401 - Invalid or expired token","stack":["UnauthorizedException: Invalid or expired token\n    at JwtAuthGuard.canActivate (C:\\Users\\kaviraja\\Desktop\\hr-enterprise\\backend\\src\\common\\guards\\jwt-auth.guard.ts:63:13)\n    at process.processTicksAndRejections (node:internal/process/task_queues:103:5)\n    at async GuardsConsumer.tryActivate (C:\\Users\\kaviraja\\Desktop\\hr-enterprise\\backend\\node_modules\\.pnpm\\@nestjs+core@11.1.13_@nestj_96be42e2ef954f3497dd2af707cd3b66\\node_modules\\@nestjs\\core\\guards\\guards-consumer.js:22:17)\n    at async canActivateFn (C:\\Users\\kaviraja\\Desktop\\hr-enterprise\\backend\\node_modules\\.pnpm\\@nestjs+core@11.1.13_@nestj_96be42e2ef954f3497dd2af707cd3b66\\node_modules\\@nestjs\\core\\router\\router-execution-context.js:135:33)\n    at async C:\\Users\\kaviraja\\Desktop\\hr-enterprise\\backend\\node_modules\\.pnpm\\@nestjs+core@11.1.13_@nestj_96be42e2ef954f3497dd2af707cd3b66\\node_modules\\@nestjs\\core\\router\\router-execution-context.js:42:31\n    at async C:\\Users\\kaviraja\\Desktop\\hr-enterprise\\backend\\node_modules\\.pnpm\\@nestjs+core@11.1.13_@nestj_96be42e2ef954f3497dd2af707cd3b66\\node_modules\\@nestjs\\core\\router\\router-proxy.js:9:17"],"timestamp":"2026-02-17T04:42:15.997Z"}
{"level":"error","message":"GET /attendance?skip=0&take=10&startDate=2026-02-17&endDate=2026-02-17 401 - 2ms - ::1 - Mozilla/5.0 (Windows NT 10.0; Win64; x64) AppleWebKit/537.36 (KHTML, like Gecko) Chrome/144.0.0.0 Safari/537.36","stack":[null],"timestamp":"2026-02-17T04:42:15.998Z"}
{"context":"HttpExceptionFilter","level":"error","message":"GET /auth/me 401 - Invalid or expired token","stack":["UnauthorizedException: Invalid or expired token\n    at JwtAuthGuard.canActivate (C:\\Users\\kaviraja\\Desktop\\hr-enterprise\\backend\\src\\common\\guards\\jwt-auth.guard.ts:63:13)\n    at process.processTicksAndRejections (node:internal/process/task_queues:103:5)\n    at async GuardsConsumer.tryActivate (C:\\Users\\kaviraja\\Desktop\\hr-enterprise\\backend\\node_modules\\.pnpm\\@nestjs+core@11.1.13_@nestj_96be42e2ef954f3497dd2af707cd3b66\\node_modules\\@nestjs\\core\\guards\\guards-consumer.js:22:17)\n    at async canActivateFn (C:\\Users\\kaviraja\\Desktop\\hr-enterprise\\backend\\node_modules\\.pnpm\\@nestjs+core@11.1.13_@nestj_96be42e2ef954f3497dd2af707cd3b66\\node_modules\\@nestjs\\core\\router\\router-execution-context.js:135:33)\n    at async C:\\Users\\kaviraja\\Desktop\\hr-enterprise\\backend\\node_modules\\.pnpm\\@nestjs+core@11.1.13_@nestj_96be42e2ef954f3497dd2af707cd3b66\\node_modules\\@nestjs\\core\\router\\router-execution-context.js:42:31\n    at async C:\\Users\\kaviraja\\Desktop\\hr-enterprise\\backend\\node_modules\\.pnpm\\@nestjs+core@11.1.13_@nestj_96be42e2ef954f3497dd2af707cd3b66\\node_modules\\@nestjs\\core\\router\\router-proxy.js:9:17"],"timestamp":"2026-02-17T05:01:05.209Z"}
{"level":"error","message":"GET /auth/me 401 - 13ms - ::1 - Mozilla/5.0 (Windows NT 10.0; Win64; x64) AppleWebKit/537.36 (KHTML, like Gecko) Chrome/144.0.0.0 Safari/537.36","stack":[null],"timestamp":"2026-02-17T05:01:05.212Z"}
{"context":"HttpExceptionFilter","level":"error","message":"GET /auth/me 401 - Invalid or expired token","stack":["UnauthorizedException: Invalid or expired token\n    at JwtAuthGuard.canActivate (C:\\Users\\kaviraja\\Desktop\\hr-enterprise\\backend\\src\\common\\guards\\jwt-auth.guard.ts:63:13)\n    at process.processTicksAndRejections (node:internal/process/task_queues:103:5)\n    at async GuardsConsumer.tryActivate (C:\\Users\\kaviraja\\Desktop\\hr-enterprise\\backend\\node_modules\\.pnpm\\@nestjs+core@11.1.13_@nestj_96be42e2ef954f3497dd2af707cd3b66\\node_modules\\@nestjs\\core\\guards\\guards-consumer.js:22:17)\n    at async canActivateFn (C:\\Users\\kaviraja\\Desktop\\hr-enterprise\\backend\\node_modules\\.pnpm\\@nestjs+core@11.1.13_@nestj_96be42e2ef954f3497dd2af707cd3b66\\node_modules\\@nestjs\\core\\router\\router-execution-context.js:135:33)\n    at async C:\\Users\\kaviraja\\Desktop\\hr-enterprise\\backend\\node_modules\\.pnpm\\@nestjs+core@11.1.13_@nestj_96be42e2ef954f3497dd2af707cd3b66\\node_modules\\@nestjs\\core\\router\\router-execution-context.js:42:31\n    at async C:\\Users\\kaviraja\\Desktop\\hr-enterprise\\backend\\node_modules\\.pnpm\\@nestjs+core@11.1.13_@nestj_96be42e2ef954f3497dd2af707cd3b66\\node_modules\\@nestjs\\core\\router\\router-proxy.js:9:17"],"timestamp":"2026-02-17T05:01:05.215Z"}
{"level":"error","message":"GET /auth/me 401 - 5ms - ::1 - Mozilla/5.0 (Windows NT 10.0; Win64; x64) AppleWebKit/537.36 (KHTML, like Gecko) Chrome/144.0.0.0 Safari/537.36","stack":[null],"timestamp":"2026-02-17T05:01:05.219Z"}
{"context":"HttpExceptionFilter","level":"error","message":"POST /auth/logout 400 - refreshToken must be longer than or equal to 1 characters,refreshToken must be a string","stack":["BadRequestException: Bad Request Exception\n    at ValidationPipe.exceptionFactory (C:\\Users\\kaviraja\\Desktop\\hr-enterprise\\backend\\node_modules\\.pnpm\\@nestjs+common@11.1.13_clas_80aac132958688bcba90b35163f9dcdb\\node_modules\\@nestjs\\common\\pipes\\validation.pipe.js:112:20)\n    at ValidationPipe.transform (C:\\Users\\kaviraja\\Desktop\\hr-enterprise\\backend\\node_modules\\.pnpm\\@nestjs+common@11.1.13_clas_80aac132958688bcba90b35163f9dcdb\\node_modules\\@nestjs\\common\\pipes\\validation.pipe.js:79:30)\n    at process.processTicksAndRejections (node:internal/process/task_queues:103:5)\n    at async resolveParamValue (C:\\Users\\kaviraja\\Desktop\\hr-enterprise\\backend\\node_modules\\.pnpm\\@nestjs+core@11.1.13_@nestj_96be42e2ef954f3497dd2af707cd3b66\\node_modules\\@nestjs\\core\\router\\router-execution-context.js:148:23)\n    at async Promise.all (index 0)\n    at async pipesFn (C:\\Users\\kaviraja\\Desktop\\hr-enterprise\\backend\\node_modules\\.pnpm\\@nestjs+core@11.1.13_@nestj_96be42e2ef954f3497dd2af707cd3b66\\node_modules\\@nestjs\\core\\router\\router-execution-context.js:151:13)\n    at async C:\\Users\\kaviraja\\Desktop\\hr-enterprise\\backend\\node_modules\\.pnpm\\@nestjs+core@11.1.13_@nestj_96be42e2ef954f3497dd2af707cd3b66\\node_modules\\@nestjs\\core\\router\\router-execution-context.js:37:30"],"timestamp":"2026-02-17T05:09:43.876Z"}
{"level":"error","message":"POST /auth/logout 400 - 7ms - ::1 - Mozilla/5.0 (Windows NT 10.0; Win64; x64) AppleWebKit/537.36 (KHTML, like Gecko) Chrome/144.0.0.0 Safari/537.36","stack":[null],"timestamp":"2026-02-17T05:09:43.878Z"}
{"context":"HttpExceptionFilter","level":"error","message":"POST /auth/logout 400 - refreshToken must be longer than or equal to 1 characters,refreshToken must be a string","stack":["BadRequestException: Bad Request Exception\n    at ValidationPipe.exceptionFactory (C:\\Users\\kaviraja\\Desktop\\hr-enterprise\\backend\\node_modules\\.pnpm\\@nestjs+common@11.1.13_clas_80aac132958688bcba90b35163f9dcdb\\node_modules\\@nestjs\\common\\pipes\\validation.pipe.js:112:20)\n    at ValidationPipe.transform (C:\\Users\\kaviraja\\Desktop\\hr-enterprise\\backend\\node_modules\\.pnpm\\@nestjs+common@11.1.13_clas_80aac132958688bcba90b35163f9dcdb\\node_modules\\@nestjs\\common\\pipes\\validation.pipe.js:79:30)\n    at process.processTicksAndRejections (node:internal/process/task_queues:103:5)\n    at async resolveParamValue (C:\\Users\\kaviraja\\Desktop\\hr-enterprise\\backend\\node_modules\\.pnpm\\@nestjs+core@11.1.13_@nestj_96be42e2ef954f3497dd2af707cd3b66\\node_modules\\@nestjs\\core\\router\\router-execution-context.js:148:23)\n    at async Promise.all (index 0)\n    at async pipesFn (C:\\Users\\kaviraja\\Desktop\\hr-enterprise\\backend\\node_modules\\.pnpm\\@nestjs+core@11.1.13_@nestj_96be42e2ef954f3497dd2af707cd3b66\\node_modules\\@nestjs\\core\\router\\router-execution-context.js:151:13)\n    at async C:\\Users\\kaviraja\\Desktop\\hr-enterprise\\backend\\node_modules\\.pnpm\\@nestjs+core@11.1.13_@nestj_96be42e2ef954f3497dd2af707cd3b66\\node_modules\\@nestjs\\core\\router\\router-execution-context.js:37:30"],"timestamp":"2026-02-17T05:10:54.992Z"}
{"level":"error","message":"POST /auth/logout 400 - 5ms - ::1 - Mozilla/5.0 (Windows NT 10.0; Win64; x64) AppleWebKit/537.36 (KHTML, like Gecko) Chrome/144.0.0.0 Safari/537.36","stack":[null],"timestamp":"2026-02-17T05:10:54.994Z"}
{"context":"HttpExceptionFilter","level":"error","message":"GET /auth/me 401 - Invalid or expired token","stack":["UnauthorizedException: Invalid or expired token\n    at JwtAuthGuard.canActivate (E:\\hr-enterprise\\backend\\src\\common\\guards\\jwt-auth.guard.ts:63:13)\n    at process.processTicksAndRejections (node:internal/process/task_queues:105:5)\n    at async GuardsConsumer.tryActivate (E:\\hr-enterprise\\backend\\node_modules\\.pnpm\\@nestjs+core@11.1.13_@nestj_96be42e2ef954f3497dd2af707cd3b66\\node_modules\\@nestjs\\core\\guards\\guards-consumer.js:22:17)\n    at async canActivateFn (E:\\hr-enterprise\\backend\\node_modules\\.pnpm\\@nestjs+core@11.1.13_@nestj_96be42e2ef954f3497dd2af707cd3b66\\node_modules\\@nestjs\\core\\router\\router-execution-context.js:135:33)\n    at async E:\\hr-enterprise\\backend\\node_modules\\.pnpm\\@nestjs+core@11.1.13_@nestj_96be42e2ef954f3497dd2af707cd3b66\\node_modules\\@nestjs\\core\\router\\router-execution-context.js:42:31\n    at async E:\\hr-enterprise\\backend\\node_modules\\.pnpm\\@nestjs+core@11.1.13_@nestj_96be42e2ef954f3497dd2af707cd3b66\\node_modules\\@nestjs\\core\\router\\router-proxy.js:9:17"],"timestamp":"2026-02-17T06:17:59.391Z"}
{"level":"error","message":"GET /auth/me 401 - 29ms - ::1 - Mozilla/5.0 (Windows NT 10.0; Win64; x64) AppleWebKit/537.36 (KHTML, like Gecko) Chrome/144.0.0.0 Safari/537.36","stack":[null],"timestamp":"2026-02-17T06:17:59.397Z"}
{"context":"HttpExceptionFilter","level":"error","message":"GET /auth/me 401 - Invalid or expired token","stack":["UnauthorizedException: Invalid or expired token\n    at JwtAuthGuard.canActivate (E:\\hr-enterprise\\backend\\src\\common\\guards\\jwt-auth.guard.ts:63:13)\n    at process.processTicksAndRejections (node:internal/process/task_queues:105:5)\n    at async GuardsConsumer.tryActivate (E:\\hr-enterprise\\backend\\node_modules\\.pnpm\\@nestjs+core@11.1.13_@nestj_96be42e2ef954f3497dd2af707cd3b66\\node_modules\\@nestjs\\core\\guards\\guards-consumer.js:22:17)\n    at async canActivateFn (E:\\hr-enterprise\\backend\\node_modules\\.pnpm\\@nestjs+core@11.1.13_@nestj_96be42e2ef954f3497dd2af707cd3b66\\node_modules\\@nestjs\\core\\router\\router-execution-context.js:135:33)\n    at async E:\\hr-enterprise\\backend\\node_modules\\.pnpm\\@nestjs+core@11.1.13_@nestj_96be42e2ef954f3497dd2af707cd3b66\\node_modules\\@nestjs\\core\\router\\router-execution-context.js:42:31\n    at async E:\\hr-enterprise\\backend\\node_modules\\.pnpm\\@nestjs+core@11.1.13_@nestj_96be42e2ef954f3497dd2af707cd3b66\\node_modules\\@nestjs\\core\\router\\router-proxy.js:9:17"],"timestamp":"2026-02-17T06:17:59.418Z"}
{"level":"error","message":"GET /auth/me 401 - 12ms - ::1 - Mozilla/5.0 (Windows NT 10.0; Win64; x64) AppleWebKit/537.36 (KHTML, like Gecko) Chrome/144.0.0.0 Safari/537.36","stack":[null],"timestamp":"2026-02-17T06:17:59.426Z"}
{"context":"PrismaExceptionFilter","level":"error","message":"POST /auth/refresh 409 - P2002: Unique constraint violation","stack":[null],"timestamp":"2026-02-17T06:18:00.233Z"}
{"level":"error","message":"POST /auth/refresh 409 - 280ms - ::1 - Mozilla/5.0 (Windows NT 10.0; Win64; x64) AppleWebKit/537.36 (KHTML, like Gecko) Chrome/144.0.0.0 Safari/537.36","stack":[null],"timestamp":"2026-02-17T06:18:00.235Z"}
{"context":"HttpExceptionFilter","level":"error","message":"GET /analytics/executive-summary 403 - Access denied. Required permissions: analytics:read","stack":["ForbiddenException: Access denied. Required permissions: analytics:read\n    at PermissionsGuard.canActivate (E:\\hr-enterprise\\backend\\src\\common\\guards\\permissions.guard.ts:42:13)\n    at GuardsConsumer.tryActivate (E:\\hr-enterprise\\backend\\node_modules\\.pnpm\\@nestjs+core@11.1.13_@nestj_96be42e2ef954f3497dd2af707cd3b66\\node_modules\\@nestjs\\core\\guards\\guards-consumer.js:15:34)\n    at process.processTicksAndRejections (node:internal/process/task_queues:105:5)\n    at async canActivateFn (E:\\hr-enterprise\\backend\\node_modules\\.pnpm\\@nestjs+core@11.1.13_@nestj_96be42e2ef954f3497dd2af707cd3b66\\node_modules\\@nestjs\\core\\router\\router-execution-context.js:135:33)\n    at async E:\\hr-enterprise\\backend\\node_modules\\.pnpm\\@nestjs+core@11.1.13_@nestj_96be42e2ef954f3497dd2af707cd3b66\\node_modules\\@nestjs\\core\\router\\router-execution-context.js:42:31\n    at async E:\\hr-enterprise\\backend\\node_modules\\.pnpm\\@nestjs+core@11.1.13_@nestj_96be42e2ef954f3497dd2af707cd3b66\\node_modules\\@nestjs\\core\\router\\router-proxy.js:9:17"],"timestamp":"2026-02-17T06:18:01.141Z"}
{"level":"error","message":"GET /analytics/executive-summary 403 - 11ms - ::1 - Mozilla/5.0 (Windows NT 10.0; Win64; x64) AppleWebKit/537.36 (KHTML, like Gecko) Chrome/144.0.0.0 Safari/537.36","stack":[null],"timestamp":"2026-02-17T06:18:01.144Z"}
{"context":"HttpExceptionFilter","level":"error","message":"GET /analytics/executive-summary 403 - Access denied. Required permissions: analytics:read","stack":["ForbiddenException: Access denied. Required permissions: analytics:read\n    at PermissionsGuard.canActivate (E:\\hr-enterprise\\backend\\src\\common\\guards\\permissions.guard.ts:42:13)\n    at GuardsConsumer.tryActivate (E:\\hr-enterprise\\backend\\node_modules\\.pnpm\\@nestjs+core@11.1.13_@nestj_96be42e2ef954f3497dd2af707cd3b66\\node_modules\\@nestjs\\core\\guards\\guards-consumer.js:15:34)\n    at process.processTicksAndRejections (node:internal/process/task_queues:105:5)\n    at async canActivateFn (E:\\hr-enterprise\\backend\\node_modules\\.pnpm\\@nestjs+core@11.1.13_@nestj_96be42e2ef954f3497dd2af707cd3b66\\node_modules\\@nestjs\\core\\router\\router-execution-context.js:135:33)\n    at async E:\\hr-enterprise\\backend\\node_modules\\.pnpm\\@nestjs+core@11.1.13_@nestj_96be42e2ef954f3497dd2af707cd3b66\\node_modules\\@nestjs\\core\\router\\router-execution-context.js:42:31\n    at async E:\\hr-enterprise\\backend\\node_modules\\.pnpm\\@nestjs+core@11.1.13_@nestj_96be42e2ef954f3497dd2af707cd3b66\\node_modules\\@nestjs\\core\\router\\router-proxy.js:9:17"],"timestamp":"2026-02-17T06:18:02.171Z"}
{"level":"error","message":"GET /analytics/executive-summary 403 - 11ms - ::1 - Mozilla/5.0 (Windows NT 10.0; Win64; x64) AppleWebKit/537.36 (KHTML, like Gecko) Chrome/144.0.0.0 Safari/537.36","stack":[null],"timestamp":"2026-02-17T06:18:02.175Z"}
{"context":"HttpExceptionFilter","level":"error","message":"GET /analytics/executive-summary 403 - Access denied. Required permissions: analytics:read","stack":["ForbiddenException: Access denied. Required permissions: analytics:read\n    at PermissionsGuard.canActivate (E:\\hr-enterprise\\backend\\src\\common\\guards\\permissions.guard.ts:42:13)\n    at GuardsConsumer.tryActivate (E:\\hr-enterprise\\backend\\node_modules\\.pnpm\\@nestjs+core@11.1.13_@nestj_96be42e2ef954f3497dd2af707cd3b66\\node_modules\\@nestjs\\core\\guards\\guards-consumer.js:15:34)\n    at process.processTicksAndRejections (node:internal/process/task_queues:105:5)\n    at async canActivateFn (E:\\hr-enterprise\\backend\\node_modules\\.pnpm\\@nestjs+core@11.1.13_@nestj_96be42e2ef954f3497dd2af707cd3b66\\node_modules\\@nestjs\\core\\router\\router-execution-context.js:135:33)\n    at async E:\\hr-enterprise\\backend\\node_modules\\.pnpm\\@nestjs+core@11.1.13_@nestj_96be42e2ef954f3497dd2af707cd3b66\\node_modules\\@nestjs\\core\\router\\router-execution-context.js:42:31\n    at async E:\\hr-enterprise\\backend\\node_modules\\.pnpm\\@nestjs+core@11.1.13_@nestj_96be42e2ef954f3497dd2af707cd3b66\\node_modules\\@nestjs\\core\\router\\router-proxy.js:9:17"],"timestamp":"2026-02-17T06:18:10.557Z"}
{"level":"error","message":"GET /analytics/executive-summary 403 - 6ms - ::1 - Mozilla/5.0 (Windows NT 10.0; Win64; x64) AppleWebKit/537.36 (KHTML, like Gecko) Chrome/144.0.0.0 Safari/537.36","stack":[null],"timestamp":"2026-02-17T06:18:10.560Z"}
{"context":"HttpExceptionFilter","level":"error","message":"GET /analytics/executive-summary 403 - Access denied. Required permissions: analytics:read","stack":["ForbiddenException: Access denied. Required permissions: analytics:read\n    at PermissionsGuard.canActivate (E:\\hr-enterprise\\backend\\src\\common\\guards\\permissions.guard.ts:42:13)\n    at GuardsConsumer.tryActivate (E:\\hr-enterprise\\backend\\node_modules\\.pnpm\\@nestjs+core@11.1.13_@nestj_96be42e2ef954f3497dd2af707cd3b66\\node_modules\\@nestjs\\core\\guards\\guards-consumer.js:15:34)\n    at process.processTicksAndRejections (node:internal/process/task_queues:105:5)\n    at async canActivateFn (E:\\hr-enterprise\\backend\\node_modules\\.pnpm\\@nestjs+core@11.1.13_@nestj_96be42e2ef954f3497dd2af707cd3b66\\node_modules\\@nestjs\\core\\router\\router-execution-context.js:135:33)\n    at async E:\\hr-enterprise\\backend\\node_modules\\.pnpm\\@nestjs+core@11.1.13_@nestj_96be42e2ef954f3497dd2af707cd3b66\\node_modules\\@nestjs\\core\\router\\router-execution-context.js:42:31\n    at async E:\\hr-enterprise\\backend\\node_modules\\.pnpm\\@nestjs+core@11.1.13_@nestj_96be42e2ef954f3497dd2af707cd3b66\\node_modules\\@nestjs\\core\\router\\router-proxy.js:9:17"],"timestamp":"2026-02-17T06:18:11.584Z"}
{"level":"error","message":"GET /analytics/executive-summary 403 - 6ms - ::1 - Mozilla/5.0 (Windows NT 10.0; Win64; x64) AppleWebKit/537.36 (KHTML, like Gecko) Chrome/144.0.0.0 Safari/537.36","stack":[null],"timestamp":"2026-02-17T06:18:11.586Z"}
{"context":"HttpExceptionFilter","level":"error","message":"GET /analytics/executive-summary 403 - Access denied. Required permissions: analytics:read","stack":["ForbiddenException: Access denied. Required permissions: analytics:read\n    at PermissionsGuard.canActivate (E:\\hr-enterprise\\backend\\src\\common\\guards\\permissions.guard.ts:42:13)\n    at GuardsConsumer.tryActivate (E:\\hr-enterprise\\backend\\node_modules\\.pnpm\\@nestjs+core@11.1.13_@nestj_96be42e2ef954f3497dd2af707cd3b66\\node_modules\\@nestjs\\core\\guards\\guards-consumer.js:15:34)\n    at process.processTicksAndRejections (node:internal/process/task_queues:105:5)\n    at async canActivateFn (E:\\hr-enterprise\\backend\\node_modules\\.pnpm\\@nestjs+core@11.1.13_@nestj_96be42e2ef954f3497dd2af707cd3b66\\node_modules\\@nestjs\\core\\router\\router-execution-context.js:135:33)\n    at async E:\\hr-enterprise\\backend\\node_modules\\.pnpm\\@nestjs+core@11.1.13_@nestj_96be42e2ef954f3497dd2af707cd3b66\\node_modules\\@nestjs\\core\\router\\router-execution-context.js:42:31\n    at async E:\\hr-enterprise\\backend\\node_modules\\.pnpm\\@nestjs+core@11.1.13_@nestj_96be42e2ef954f3497dd2af707cd3b66\\node_modules\\@nestjs\\core\\router\\router-proxy.js:9:17"],"timestamp":"2026-02-17T06:18:16.775Z"}
{"level":"error","message":"GET /analytics/executive-summary 403 - 6ms - ::1 - Mozilla/5.0 (Windows NT 10.0; Win64; x64) AppleWebKit/537.36 (KHTML, like Gecko) Chrome/144.0.0.0 Safari/537.36","stack":[null],"timestamp":"2026-02-17T06:18:16.777Z"}
{"context":"HttpExceptionFilter","level":"error","message":"GET /analytics/executive-summary 403 - Access denied. Required permissions: analytics:read","stack":["ForbiddenException: Access denied. Required permissions: analytics:read\n    at PermissionsGuard.canActivate (E:\\hr-enterprise\\backend\\src\\common\\guards\\permissions.guard.ts:42:13)\n    at GuardsConsumer.tryActivate (E:\\hr-enterprise\\backend\\node_modules\\.pnpm\\@nestjs+core@11.1.13_@nestj_96be42e2ef954f3497dd2af707cd3b66\\node_modules\\@nestjs\\core\\guards\\guards-consumer.js:15:34)\n    at process.processTicksAndRejections (node:internal/process/task_queues:105:5)\n    at async canActivateFn (E:\\hr-enterprise\\backend\\node_modules\\.pnpm\\@nestjs+core@11.1.13_@nestj_96be42e2ef954f3497dd2af707cd3b66\\node_modules\\@nestjs\\core\\router\\router-execution-context.js:135:33)\n    at async E:\\hr-enterprise\\backend\\node_modules\\.pnpm\\@nestjs+core@11.1.13_@nestj_96be42e2ef954f3497dd2af707cd3b66\\node_modules\\@nestjs\\core\\router\\router-execution-context.js:42:31\n    at async E:\\hr-enterprise\\backend\\node_modules\\.pnpm\\@nestjs+core@11.1.13_@nestj_96be42e2ef954f3497dd2af707cd3b66\\node_modules\\@nestjs\\core\\router\\router-proxy.js:9:17"],"timestamp":"2026-02-17T06:18:17.800Z"}
{"level":"error","message":"GET /analytics/executive-summary 403 - 5ms - ::1 - Mozilla/5.0 (Windows NT 10.0; Win64; x64) AppleWebKit/537.36 (KHTML, like Gecko) Chrome/144.0.0.0 Safari/537.36","stack":[null],"timestamp":"2026-02-17T06:18:17.802Z"}
{"context":"HttpExceptionFilter","level":"error","message":"GET /analytics/executive-summary 403 - Access denied. Required permissions: analytics:read","stack":["ForbiddenException: Access denied. Required permissions: analytics:read\n    at PermissionsGuard.canActivate (E:\\hr-enterprise\\backend\\src\\common\\guards\\permissions.guard.ts:42:13)\n    at GuardsConsumer.tryActivate (E:\\hr-enterprise\\backend\\node_modules\\.pnpm\\@nestjs+core@11.1.13_@nestj_96be42e2ef954f3497dd2af707cd3b66\\node_modules\\@nestjs\\core\\guards\\guards-consumer.js:15:34)\n    at process.processTicksAndRejections (node:internal/process/task_queues:105:5)\n    at async canActivateFn (E:\\hr-enterprise\\backend\\node_modules\\.pnpm\\@nestjs+core@11.1.13_@nestj_96be42e2ef954f3497dd2af707cd3b66\\node_modules\\@nestjs\\core\\router\\router-execution-context.js:135:33)\n    at async E:\\hr-enterprise\\backend\\node_modules\\.pnpm\\@nestjs+core@11.1.13_@nestj_96be42e2ef954f3497dd2af707cd3b66\\node_modules\\@nestjs\\core\\router\\router-execution-context.js:42:31\n    at async E:\\hr-enterprise\\backend\\node_modules\\.pnpm\\@nestjs+core@11.1.13_@nestj_96be42e2ef954f3497dd2af707cd3b66\\node_modules\\@nestjs\\core\\router\\router-proxy.js:9:17"],"timestamp":"2026-02-17T06:18:21.344Z"}
{"level":"error","message":"GET /analytics/executive-summary 403 - 8ms - ::1 - Mozilla/5.0 (Windows NT 10.0; Win64; x64) AppleWebKit/537.36 (KHTML, like Gecko) Chrome/144.0.0.0 Safari/537.36","stack":[null],"timestamp":"2026-02-17T06:18:21.347Z"}
{"context":"HttpExceptionFilter","level":"error","message":"GET /analytics/executive-summary 403 - Access denied. Required permissions: analytics:read","stack":["ForbiddenException: Access denied. Required permissions: analytics:read\n    at PermissionsGuard.canActivate (E:\\hr-enterprise\\backend\\src\\common\\guards\\permissions.guard.ts:42:13)\n    at GuardsConsumer.tryActivate (E:\\hr-enterprise\\backend\\node_modules\\.pnpm\\@nestjs+core@11.1.13_@nestj_96be42e2ef954f3497dd2af707cd3b66\\node_modules\\@nestjs\\core\\guards\\guards-consumer.js:15:34)\n    at process.processTicksAndRejections (node:internal/process/task_queues:105:5)\n    at async canActivateFn (E:\\hr-enterprise\\backend\\node_modules\\.pnpm\\@nestjs+core@11.1.13_@nestj_96be42e2ef954f3497dd2af707cd3b66\\node_modules\\@nestjs\\core\\router\\router-execution-context.js:135:33)\n    at async E:\\hr-enterprise\\backend\\node_modules\\.pnpm\\@nestjs+core@11.1.13_@nestj_96be42e2ef954f3497dd2af707cd3b66\\node_modules\\@nestjs\\core\\router\\router-execution-context.js:42:31\n    at async E:\\hr-enterprise\\backend\\node_modules\\.pnpm\\@nestjs+core@11.1.13_@nestj_96be42e2ef954f3497dd2af707cd3b66\\node_modules\\@nestjs\\core\\router\\router-proxy.js:9:17"],"timestamp":"2026-02-17T06:18:22.371Z"}
{"level":"error","message":"GET /analytics/executive-summary 403 - 4ms - ::1 - Mozilla/5.0 (Windows NT 10.0; Win64; x64) AppleWebKit/537.36 (KHTML, like Gecko) Chrome/144.0.0.0 Safari/537.36","stack":[null],"timestamp":"2026-02-17T06:18:22.373Z"}
{"context":"HttpExceptionFilter","level":"error","message":"GET /analytics/executive-summary 403 - Access denied. Required permissions: analytics:read","stack":["ForbiddenException: Access denied. Required permissions: analytics:read\n    at PermissionsGuard.canActivate (E:\\hr-enterprise\\backend\\src\\common\\guards\\permissions.guard.ts:42:13)\n    at GuardsConsumer.tryActivate (E:\\hr-enterprise\\backend\\node_modules\\.pnpm\\@nestjs+core@11.1.13_@nestj_96be42e2ef954f3497dd2af707cd3b66\\node_modules\\@nestjs\\core\\guards\\guards-consumer.js:15:34)\n    at process.processTicksAndRejections (node:internal/process/task_queues:105:5)\n    at async canActivateFn (E:\\hr-enterprise\\backend\\node_modules\\.pnpm\\@nestjs+core@11.1.13_@nestj_96be42e2ef954f3497dd2af707cd3b66\\node_modules\\@nestjs\\core\\router\\router-execution-context.js:135:33)\n    at async E:\\hr-enterprise\\backend\\node_modules\\.pnpm\\@nestjs+core@11.1.13_@nestj_96be42e2ef954f3497dd2af707cd3b66\\node_modules\\@nestjs\\core\\router\\router-execution-context.js:42:31\n    at async E:\\hr-enterprise\\backend\\node_modules\\.pnpm\\@nestjs+core@11.1.13_@nestj_96be42e2ef954f3497dd2af707cd3b66\\node_modules\\@nestjs\\core\\router\\router-proxy.js:9:17"],"timestamp":"2026-02-17T06:18:25.610Z"}
{"level":"error","message":"GET /analytics/executive-summary 403 - 12ms - ::1 - Mozilla/5.0 (Windows NT 10.0; Win64; x64) AppleWebKit/537.36 (KHTML, like Gecko) Chrome/144.0.0.0 Safari/537.36","stack":[null],"timestamp":"2026-02-17T06:18:25.612Z"}
{"context":"HttpExceptionFilter","level":"error","message":"GET /analytics/executive-summary 403 - Access denied. Required permissions: analytics:read","stack":["ForbiddenException: Access denied. Required permissions: analytics:read\n    at PermissionsGuard.canActivate (E:\\hr-enterprise\\backend\\src\\common\\guards\\permissions.guard.ts:42:13)\n    at GuardsConsumer.tryActivate (E:\\hr-enterprise\\backend\\node_modules\\.pnpm\\@nestjs+core@11.1.13_@nestj_96be42e2ef954f3497dd2af707cd3b66\\node_modules\\@nestjs\\core\\guards\\guards-consumer.js:15:34)\n    at process.processTicksAndRejections (node:internal/process/task_queues:105:5)\n    at async canActivateFn (E:\\hr-enterprise\\backend\\node_modules\\.pnpm\\@nestjs+core@11.1.13_@nestj_96be42e2ef954f3497dd2af707cd3b66\\node_modules\\@nestjs\\core\\router\\router-execution-context.js:135:33)\n    at async E:\\hr-enterprise\\backend\\node_modules\\.pnpm\\@nestjs+core@11.1.13_@nestj_96be42e2ef954f3497dd2af707cd3b66\\node_modules\\@nestjs\\core\\router\\router-execution-context.js:42:31\n    at async E:\\hr-enterprise\\backend\\node_modules\\.pnpm\\@nestjs+core@11.1.13_@nestj_96be42e2ef954f3497dd2af707cd3b66\\node_modules\\@nestjs\\core\\router\\router-proxy.js:9:17"],"timestamp":"2026-02-17T06:18:26.633Z"}
{"level":"error","message":"GET /analytics/executive-summary 403 - 6ms - ::1 - Mozilla/5.0 (Windows NT 10.0; Win64; x64) AppleWebKit/537.36 (KHTML, like Gecko) Chrome/144.0.0.0 Safari/537.36","stack":[null],"timestamp":"2026-02-17T06:18:26.635Z"}
{"context":"HttpExceptionFilter","level":"error","message":"POST /auth/logout 400 - refreshToken must be longer than or equal to 1 characters,refreshToken must be a string","stack":["BadRequestException: Bad Request Exception\n    at ValidationPipe.exceptionFactory (E:\\hr-enterprise\\backend\\node_modules\\.pnpm\\@nestjs+common@11.1.13_clas_80aac132958688bcba90b35163f9dcdb\\node_modules\\@nestjs\\common\\pipes\\validation.pipe.js:112:20)\n    at ValidationPipe.transform (E:\\hr-enterprise\\backend\\node_modules\\.pnpm\\@nestjs+common@11.1.13_clas_80aac132958688bcba90b35163f9dcdb\\node_modules\\@nestjs\\common\\pipes\\validation.pipe.js:79:30)\n    at process.processTicksAndRejections (node:internal/process/task_queues:105:5)\n    at async resolveParamValue (E:\\hr-enterprise\\backend\\node_modules\\.pnpm\\@nestjs+core@11.1.13_@nestj_96be42e2ef954f3497dd2af707cd3b66\\node_modules\\@nestjs\\core\\router\\router-execution-context.js:148:23)\n    at async Promise.all (index 0)\n    at async pipesFn (E:\\hr-enterprise\\backend\\node_modules\\.pnpm\\@nestjs+core@11.1.13_@nestj_96be42e2ef954f3497dd2af707cd3b66\\node_modules\\@nestjs\\core\\router\\router-execution-context.js:151:13)\n    at async E:\\hr-enterprise\\backend\\node_modules\\.pnpm\\@nestjs+core@11.1.13_@nestj_96be42e2ef954f3497dd2af707cd3b66\\node_modules\\@nestjs\\core\\router\\router-execution-context.js:37:30"],"timestamp":"2026-02-17T06:18:29.297Z"}
{"level":"error","message":"POST /auth/logout 400 - 16ms - ::1 - Mozilla/5.0 (Windows NT 10.0; Win64; x64) AppleWebKit/537.36 (KHTML, like Gecko) Chrome/144.0.0.0 Safari/537.36","stack":[null],"timestamp":"2026-02-17T06:18:29.300Z"}
{"context":"HttpExceptionFilter","level":"error","message":"GET /analytics/executive-summary 403 - Access denied. Required permissions: analytics:read","stack":["ForbiddenException: Access denied. Required permissions: analytics:read\n    at PermissionsGuard.canActivate (E:\\hr-enterprise\\backend\\src\\common\\guards\\permissions.guard.ts:42:13)\n    at GuardsConsumer.tryActivate (E:\\hr-enterprise\\backend\\node_modules\\.pnpm\\@nestjs+core@11.1.13_@nestj_96be42e2ef954f3497dd2af707cd3b66\\node_modules\\@nestjs\\core\\guards\\guards-consumer.js:15:34)\n    at process.processTicksAndRejections (node:internal/process/task_queues:105:5)\n    at async canActivateFn (E:\\hr-enterprise\\backend\\node_modules\\.pnpm\\@nestjs+core@11.1.13_@nestj_96be42e2ef954f3497dd2af707cd3b66\\node_modules\\@nestjs\\core\\router\\router-execution-context.js:135:33)\n    at async E:\\hr-enterprise\\backend\\node_modules\\.pnpm\\@nestjs+core@11.1.13_@nestj_96be42e2ef954f3497dd2af707cd3b66\\node_modules\\@nestjs\\core\\router\\router-execution-context.js:42:31\n    at async E:\\hr-enterprise\\backend\\node_modules\\.pnpm\\@nestjs+core@11.1.13_@nestj_96be42e2ef954f3497dd2af707cd3b66\\node_modules\\@nestjs\\core\\router\\router-proxy.js:9:17"],"timestamp":"2026-02-17T06:18:36.801Z"}
{"level":"error","message":"GET /analytics/executive-summary 403 - 7ms - ::1 - Mozilla/5.0 (Windows NT 10.0; Win64; x64) AppleWebKit/537.36 (KHTML, like Gecko) Chrome/144.0.0.0 Safari/537.36","stack":[null],"timestamp":"2026-02-17T06:18:36.805Z"}
{"context":"HttpExceptionFilter","level":"error","message":"GET /analytics/executive-summary 403 - Access denied. Required permissions: analytics:read","stack":["ForbiddenException: Access denied. Required permissions: analytics:read\n    at PermissionsGuard.canActivate (E:\\hr-enterprise\\backend\\src\\common\\guards\\permissions.guard.ts:42:13)\n    at GuardsConsumer.tryActivate (E:\\hr-enterprise\\backend\\node_modules\\.pnpm\\@nestjs+core@11.1.13_@nestj_96be42e2ef954f3497dd2af707cd3b66\\node_modules\\@nestjs\\core\\guards\\guards-consumer.js:15:34)\n    at process.processTicksAndRejections (node:internal/process/task_queues:105:5)\n    at async canActivateFn (E:\\hr-enterprise\\backend\\node_modules\\.pnpm\\@nestjs+core@11.1.13_@nestj_96be42e2ef954f3497dd2af707cd3b66\\node_modules\\@nestjs\\core\\router\\router-execution-context.js:135:33)\n    at async E:\\hr-enterprise\\backend\\node_modules\\.pnpm\\@nestjs+core@11.1.13_@nestj_96be42e2ef954f3497dd2af707cd3b66\\node_modules\\@nestjs\\core\\router\\router-execution-context.js:42:31\n    at async E:\\hr-enterprise\\backend\\node_modules\\.pnpm\\@nestjs+core@11.1.13_@nestj_96be42e2ef954f3497dd2af707cd3b66\\node_modules\\@nestjs\\core\\router\\router-proxy.js:9:17"],"timestamp":"2026-02-17T06:18:37.817Z"}
{"level":"error","message":"GET /analytics/executive-summary 403 - 4ms - ::1 - Mozilla/5.0 (Windows NT 10.0; Win64; x64) AppleWebKit/537.36 (KHTML, like Gecko) Chrome/144.0.0.0 Safari/537.36","stack":[null],"timestamp":"2026-02-17T06:18:37.819Z"}
{"context":"HttpExceptionFilter","level":"error","message":"POST /auth/logout 400 - refreshToken must be longer than or equal to 1 characters,refreshToken must be a string","stack":["BadRequestException: Bad Request Exception\n    at ValidationPipe.exceptionFactory (E:\\hr-enterprise\\backend\\node_modules\\.pnpm\\@nestjs+common@11.1.13_clas_80aac132958688bcba90b35163f9dcdb\\node_modules\\@nestjs\\common\\pipes\\validation.pipe.js:112:20)\n    at ValidationPipe.transform (E:\\hr-enterprise\\backend\\node_modules\\.pnpm\\@nestjs+common@11.1.13_clas_80aac132958688bcba90b35163f9dcdb\\node_modules\\@nestjs\\common\\pipes\\validation.pipe.js:79:30)\n    at process.processTicksAndRejections (node:internal/process/task_queues:105:5)\n    at async resolveParamValue (E:\\hr-enterprise\\backend\\node_modules\\.pnpm\\@nestjs+core@11.1.13_@nestj_96be42e2ef954f3497dd2af707cd3b66\\node_modules\\@nestjs\\core\\router\\router-execution-context.js:148:23)\n    at async Promise.all (index 0)\n    at async pipesFn (E:\\hr-enterprise\\backend\\node_modules\\.pnpm\\@nestjs+core@11.1.13_@nestj_96be42e2ef954f3497dd2af707cd3b66\\node_modules\\@nestjs\\core\\router\\router-execution-context.js:151:13)\n    at async E:\\hr-enterprise\\backend\\node_modules\\.pnpm\\@nestjs+core@11.1.13_@nestj_96be42e2ef954f3497dd2af707cd3b66\\node_modules\\@nestjs\\core\\router\\router-execution-context.js:37:30"],"timestamp":"2026-02-17T06:18:57.860Z"}
{"level":"error","message":"POST /auth/logout 400 - 10ms - ::1 - Mozilla/5.0 (Windows NT 10.0; Win64; x64) AppleWebKit/537.36 (KHTML, like Gecko) Chrome/144.0.0.0 Safari/537.36","stack":[null],"timestamp":"2026-02-17T06:18:57.864Z"}
{"context":"HttpExceptionFilter","level":"error","message":"GET /analytics/executive-summary 403 - Access denied. Required permissions: analytics:read","stack":["ForbiddenException: Access denied. Required permissions: analytics:read\n    at PermissionsGuard.canActivate (E:\\hr-enterprise\\backend\\src\\common\\guards\\permissions.guard.ts:42:13)\n    at GuardsConsumer.tryActivate (E:\\hr-enterprise\\backend\\node_modules\\.pnpm\\@nestjs+core@11.1.13_@nestj_96be42e2ef954f3497dd2af707cd3b66\\node_modules\\@nestjs\\core\\guards\\guards-consumer.js:15:34)\n    at process.processTicksAndRejections (node:internal/process/task_queues:105:5)\n    at async canActivateFn (E:\\hr-enterprise\\backend\\node_modules\\.pnpm\\@nestjs+core@11.1.13_@nestj_96be42e2ef954f3497dd2af707cd3b66\\node_modules\\@nestjs\\core\\router\\router-execution-context.js:135:33)\n    at async E:\\hr-enterprise\\backend\\node_modules\\.pnpm\\@nestjs+core@11.1.13_@nestj_96be42e2ef954f3497dd2af707cd3b66\\node_modules\\@nestjs\\core\\router\\router-execution-context.js:42:31\n    at async E:\\hr-enterprise\\backend\\node_modules\\.pnpm\\@nestjs+core@11.1.13_@nestj_96be42e2ef954f3497dd2af707cd3b66\\node_modules\\@nestjs\\core\\router\\router-proxy.js:9:17"],"timestamp":"2026-02-17T06:19:04.573Z"}
{"level":"error","message":"GET /analytics/executive-summary 403 - 7ms - ::1 - Mozilla/5.0 (Windows NT 10.0; Win64; x64) AppleWebKit/537.36 (KHTML, like Gecko) Chrome/144.0.0.0 Safari/537.36","stack":[null],"timestamp":"2026-02-17T06:19:04.577Z"}
{"context":"HttpExceptionFilter","level":"error","message":"GET /analytics/executive-summary 403 - Access denied. Required permissions: analytics:read","stack":["ForbiddenException: Access denied. Required permissions: analytics:read\n    at PermissionsGuard.canActivate (E:\\hr-enterprise\\backend\\src\\common\\guards\\permissions.guard.ts:42:13)\n    at GuardsConsumer.tryActivate (E:\\hr-enterprise\\backend\\node_modules\\.pnpm\\@nestjs+core@11.1.13_@nestj_96be42e2ef954f3497dd2af707cd3b66\\node_modules\\@nestjs\\core\\guards\\guards-consumer.js:15:34)\n    at process.processTicksAndRejections (node:internal/process/task_queues:105:5)\n    at async canActivateFn (E:\\hr-enterprise\\backend\\node_modules\\.pnpm\\@nestjs+core@11.1.13_@nestj_96be42e2ef954f3497dd2af707cd3b66\\node_modules\\@nestjs\\core\\router\\router-execution-context.js:135:33)\n    at async E:\\hr-enterprise\\backend\\node_modules\\.pnpm\\@nestjs+core@11.1.13_@nestj_96be42e2ef954f3497dd2af707cd3b66\\node_modules\\@nestjs\\core\\router\\router-execution-context.js:42:31\n    at async E:\\hr-enterprise\\backend\\node_modules\\.pnpm\\@nestjs+core@11.1.13_@nestj_96be42e2ef954f3497dd2af707cd3b66\\node_modules\\@nestjs\\core\\router\\router-proxy.js:9:17"],"timestamp":"2026-02-17T06:19:05.593Z"}
{"level":"error","message":"GET /analytics/executive-summary 403 - 5ms - ::1 - Mozilla/5.0 (Windows NT 10.0; Win64; x64) AppleWebKit/537.36 (KHTML, like Gecko) Chrome/144.0.0.0 Safari/537.36","stack":[null],"timestamp":"2026-02-17T06:19:05.596Z"}
{"context":"HttpExceptionFilter","level":"error","message":"GET /analytics/executive-summary 403 - Access denied. Required permissions: analytics:read","stack":["ForbiddenException: Access denied. Required permissions: analytics:read\n    at PermissionsGuard.canActivate (E:\\hr-enterprise\\backend\\src\\common\\guards\\permissions.guard.ts:42:13)\n    at GuardsConsumer.tryActivate (E:\\hr-enterprise\\backend\\node_modules\\.pnpm\\@nestjs+core@11.1.13_@nestj_96be42e2ef954f3497dd2af707cd3b66\\node_modules\\@nestjs\\core\\guards\\guards-consumer.js:15:34)\n    at process.processTicksAndRejections (node:internal/process/task_queues:105:5)\n    at async canActivateFn (E:\\hr-enterprise\\backend\\node_modules\\.pnpm\\@nestjs+core@11.1.13_@nestj_96be42e2ef954f3497dd2af707cd3b66\\node_modules\\@nestjs\\core\\router\\router-execution-context.js:135:33)\n    at async E:\\hr-enterprise\\backend\\node_modules\\.pnpm\\@nestjs+core@11.1.13_@nestj_96be42e2ef954f3497dd2af707cd3b66\\node_modules\\@nestjs\\core\\router\\router-execution-context.js:42:31\n    at async E:\\hr-enterprise\\backend\\node_modules\\.pnpm\\@nestjs+core@11.1.13_@nestj_96be42e2ef954f3497dd2af707cd3b66\\node_modules\\@nestjs\\core\\router\\router-proxy.js:9:17"],"timestamp":"2026-02-17T06:22:04.040Z"}
{"level":"error","message":"GET /analytics/executive-summary 403 - 6ms - ::1 - Mozilla/5.0 (Windows NT 10.0; Win64; x64) AppleWebKit/537.36 (KHTML, like Gecko) Chrome/144.0.0.0 Safari/537.36","stack":[null],"timestamp":"2026-02-17T06:22:04.042Z"}
{"context":"HttpExceptionFilter","level":"error","message":"GET /analytics/executive-summary 403 - Access denied. Required permissions: analytics:read","stack":["ForbiddenException: Access denied. Required permissions: analytics:read\n    at PermissionsGuard.canActivate (E:\\hr-enterprise\\backend\\src\\common\\guards\\permissions.guard.ts:42:13)\n    at GuardsConsumer.tryActivate (E:\\hr-enterprise\\backend\\node_modules\\.pnpm\\@nestjs+core@11.1.13_@nestj_96be42e2ef954f3497dd2af707cd3b66\\node_modules\\@nestjs\\core\\guards\\guards-consumer.js:15:34)\n    at process.processTicksAndRejections (node:internal/process/task_queues:105:5)\n    at async canActivateFn (E:\\hr-enterprise\\backend\\node_modules\\.pnpm\\@nestjs+core@11.1.13_@nestj_96be42e2ef954f3497dd2af707cd3b66\\node_modules\\@nestjs\\core\\router\\router-execution-context.js:135:33)\n    at async E:\\hr-enterprise\\backend\\node_modules\\.pnpm\\@nestjs+core@11.1.13_@nestj_96be42e2ef954f3497dd2af707cd3b66\\node_modules\\@nestjs\\core\\router\\router-execution-context.js:42:31\n    at async E:\\hr-enterprise\\backend\\node_modules\\.pnpm\\@nestjs+core@11.1.13_@nestj_96be42e2ef954f3497dd2af707cd3b66\\node_modules\\@nestjs\\core\\router\\router-proxy.js:9:17"],"timestamp":"2026-02-17T06:22:05.059Z"}
{"level":"error","message":"GET /analytics/executive-summary 403 - 5ms - ::1 - Mozilla/5.0 (Windows NT 10.0; Win64; x64) AppleWebKit/537.36 (KHTML, like Gecko) Chrome/144.0.0.0 Safari/537.36","stack":[null],"timestamp":"2026-02-17T06:22:05.062Z"}
{"context":"HttpExceptionFilter","level":"error","message":"POST /auth/logout 400 - refreshToken must be longer than or equal to 1 characters,refreshToken must be a string","stack":["BadRequestException: Bad Request Exception\n    at ValidationPipe.exceptionFactory (E:\\hr-enterprise\\backend\\node_modules\\.pnpm\\@nestjs+common@11.1.13_clas_80aac132958688bcba90b35163f9dcdb\\node_modules\\@nestjs\\common\\pipes\\validation.pipe.js:112:20)\n    at ValidationPipe.transform (E:\\hr-enterprise\\backend\\node_modules\\.pnpm\\@nestjs+common@11.1.13_clas_80aac132958688bcba90b35163f9dcdb\\node_modules\\@nestjs\\common\\pipes\\validation.pipe.js:79:30)\n    at process.processTicksAndRejections (node:internal/process/task_queues:105:5)\n    at async resolveParamValue (E:\\hr-enterprise\\backend\\node_modules\\.pnpm\\@nestjs+core@11.1.13_@nestj_96be42e2ef954f3497dd2af707cd3b66\\node_modules\\@nestjs\\core\\router\\router-execution-context.js:148:23)\n    at async Promise.all (index 0)\n    at async pipesFn (E:\\hr-enterprise\\backend\\node_modules\\.pnpm\\@nestjs+core@11.1.13_@nestj_96be42e2ef954f3497dd2af707cd3b66\\node_modules\\@nestjs\\core\\router\\router-execution-context.js:151:13)\n    at async E:\\hr-enterprise\\backend\\node_modules\\.pnpm\\@nestjs+core@11.1.13_@nestj_96be42e2ef954f3497dd2af707cd3b66\\node_modules\\@nestjs\\core\\router\\router-execution-context.js:37:30"],"timestamp":"2026-02-17T06:23:34.329Z"}
{"level":"error","message":"POST /auth/logout 400 - 7ms - ::1 - Mozilla/5.0 (Windows NT 10.0; Win64; x64) AppleWebKit/537.36 (KHTML, like Gecko) Chrome/144.0.0.0 Safari/537.36","stack":[null],"timestamp":"2026-02-17T06:23:34.331Z"}
{"context":"HttpExceptionFilter","level":"error","message":"GET /analytics/executive-summary 403 - Access denied. Required permissions: analytics:read","stack":["ForbiddenException: Access denied. Required permissions: analytics:read\n    at PermissionsGuard.canActivate (E:\\hr-enterprise\\backend\\src\\common\\guards\\permissions.guard.ts:42:13)\n    at GuardsConsumer.tryActivate (E:\\hr-enterprise\\backend\\node_modules\\.pnpm\\@nestjs+core@11.1.13_@nestj_96be42e2ef954f3497dd2af707cd3b66\\node_modules\\@nestjs\\core\\guards\\guards-consumer.js:15:34)\n    at process.processTicksAndRejections (node:internal/process/task_queues:105:5)\n    at async canActivateFn (E:\\hr-enterprise\\backend\\node_modules\\.pnpm\\@nestjs+core@11.1.13_@nestj_96be42e2ef954f3497dd2af707cd3b66\\node_modules\\@nestjs\\core\\router\\router-execution-context.js:135:33)\n    at async E:\\hr-enterprise\\backend\\node_modules\\.pnpm\\@nestjs+core@11.1.13_@nestj_96be42e2ef954f3497dd2af707cd3b66\\node_modules\\@nestjs\\core\\router\\router-execution-context.js:42:31\n    at async E:\\hr-enterprise\\backend\\node_modules\\.pnpm\\@nestjs+core@11.1.13_@nestj_96be42e2ef954f3497dd2af707cd3b66\\node_modules\\@nestjs\\core\\router\\router-proxy.js:9:17"],"timestamp":"2026-02-17T06:23:48.964Z"}
{"level":"error","message":"GET /analytics/executive-summary 403 - 5ms - ::1 - Mozilla/5.0 (Windows NT 10.0; Win64; x64) AppleWebKit/537.36 (KHTML, like Gecko) Chrome/144.0.0.0 Safari/537.36","stack":[null],"timestamp":"2026-02-17T06:23:48.967Z"}
{"context":"HttpExceptionFilter","level":"error","message":"GET /analytics/executive-summary 403 - Access denied. Required permissions: analytics:read","stack":["ForbiddenException: Access denied. Required permissions: analytics:read\n    at PermissionsGuard.canActivate (E:\\hr-enterprise\\backend\\src\\common\\guards\\permissions.guard.ts:42:13)\n    at GuardsConsumer.tryActivate (E:\\hr-enterprise\\backend\\node_modules\\.pnpm\\@nestjs+core@11.1.13_@nestj_96be42e2ef954f3497dd2af707cd3b66\\node_modules\\@nestjs\\core\\guards\\guards-consumer.js:15:34)\n    at process.processTicksAndRejections (node:internal/process/task_queues:105:5)\n    at async canActivateFn (E:\\hr-enterprise\\backend\\node_modules\\.pnpm\\@nestjs+core@11.1.13_@nestj_96be42e2ef954f3497dd2af707cd3b66\\node_modules\\@nestjs\\core\\router\\router-execution-context.js:135:33)\n    at async E:\\hr-enterprise\\backend\\node_modules\\.pnpm\\@nestjs+core@11.1.13_@nestj_96be42e2ef954f3497dd2af707cd3b66\\node_modules\\@nestjs\\core\\router\\router-execution-context.js:42:31\n    at async E:\\hr-enterprise\\backend\\node_modules\\.pnpm\\@nestjs+core@11.1.13_@nestj_96be42e2ef954f3497dd2af707cd3b66\\node_modules\\@nestjs\\core\\router\\router-proxy.js:9:17"],"timestamp":"2026-02-17T06:23:49.987Z"}
{"level":"error","message":"GET /analytics/executive-summary 403 - 9ms - ::1 - Mozilla/5.0 (Windows NT 10.0; Win64; x64) AppleWebKit/537.36 (KHTML, like Gecko) Chrome/144.0.0.0 Safari/537.36","stack":[null],"timestamp":"2026-02-17T06:23:49.991Z"}
{"context":"HttpExceptionFilter","level":"error","message":"GET /analytics/executive-summary 403 - Access denied. Required permissions: analytics:read","stack":["ForbiddenException: Access denied. Required permissions: analytics:read\n    at PermissionsGuard.canActivate (E:\\hr-enterprise\\backend\\src\\common\\guards\\permissions.guard.ts:42:13)\n    at GuardsConsumer.tryActivate (E:\\hr-enterprise\\backend\\node_modules\\.pnpm\\@nestjs+core@11.1.13_@nestj_96be42e2ef954f3497dd2af707cd3b66\\node_modules\\@nestjs\\core\\guards\\guards-consumer.js:15:34)\n    at process.processTicksAndRejections (node:internal/process/task_queues:105:5)\n    at async canActivateFn (E:\\hr-enterprise\\backend\\node_modules\\.pnpm\\@nestjs+core@11.1.13_@nestj_96be42e2ef954f3497dd2af707cd3b66\\node_modules\\@nestjs\\core\\router\\router-execution-context.js:135:33)\n    at async E:\\hr-enterprise\\backend\\node_modules\\.pnpm\\@nestjs+core@11.1.13_@nestj_96be42e2ef954f3497dd2af707cd3b66\\node_modules\\@nestjs\\core\\router\\router-execution-context.js:42:31\n    at async E:\\hr-enterprise\\backend\\node_modules\\.pnpm\\@nestjs+core@11.1.13_@nestj_96be42e2ef954f3497dd2af707cd3b66\\node_modules\\@nestjs\\core\\router\\router-proxy.js:9:17"],"timestamp":"2026-02-17T06:27:35.128Z"}
{"level":"error","message":"GET /analytics/executive-summary 403 - 7ms - ::1 - Mozilla/5.0 (Windows NT 10.0; Win64; x64) AppleWebKit/537.36 (KHTML, like Gecko) Chrome/144.0.0.0 Safari/537.36","stack":[null],"timestamp":"2026-02-17T06:27:35.132Z"}
{"context":"HttpExceptionFilter","level":"error","message":"GET /analytics/executive-summary 403 - Access denied. Required permissions: analytics:read","stack":["ForbiddenException: Access denied. Required permissions: analytics:read\n    at PermissionsGuard.canActivate (E:\\hr-enterprise\\backend\\src\\common\\guards\\permissions.guard.ts:42:13)\n    at GuardsConsumer.tryActivate (E:\\hr-enterprise\\backend\\node_modules\\.pnpm\\@nestjs+core@11.1.13_@nestj_96be42e2ef954f3497dd2af707cd3b66\\node_modules\\@nestjs\\core\\guards\\guards-consumer.js:15:34)\n    at process.processTicksAndRejections (node:internal/process/task_queues:105:5)\n    at async canActivateFn (E:\\hr-enterprise\\backend\\node_modules\\.pnpm\\@nestjs+core@11.1.13_@nestj_96be42e2ef954f3497dd2af707cd3b66\\node_modules\\@nestjs\\core\\router\\router-execution-context.js:135:33)\n    at async E:\\hr-enterprise\\backend\\node_modules\\.pnpm\\@nestjs+core@11.1.13_@nestj_96be42e2ef954f3497dd2af707cd3b66\\node_modules\\@nestjs\\core\\router\\router-execution-context.js:42:31\n    at async E:\\hr-enterprise\\backend\\node_modules\\.pnpm\\@nestjs+core@11.1.13_@nestj_96be42e2ef954f3497dd2af707cd3b66\\node_modules\\@nestjs\\core\\router\\router-proxy.js:9:17"],"timestamp":"2026-02-17T06:27:36.190Z"}
{"level":"error","message":"GET /analytics/executive-summary 403 - 7ms - ::1 - Mozilla/5.0 (Windows NT 10.0; Win64; x64) AppleWebKit/537.36 (KHTML, like Gecko) Chrome/144.0.0.0 Safari/537.36","stack":[null],"timestamp":"2026-02-17T06:27:36.193Z"}
{"context":"HttpExceptionFilter","level":"error","message":"GET /analytics/executive-summary 403 - Access denied. Required permissions: analytics:read","stack":["ForbiddenException: Access denied. Required permissions: analytics:read\n    at PermissionsGuard.canActivate (E:\\hr-enterprise\\backend\\src\\common\\guards\\permissions.guard.ts:42:13)\n    at GuardsConsumer.tryActivate (E:\\hr-enterprise\\backend\\node_modules\\.pnpm\\@nestjs+core@11.1.13_@nestj_96be42e2ef954f3497dd2af707cd3b66\\node_modules\\@nestjs\\core\\guards\\guards-consumer.js:15:34)\n    at process.processTicksAndRejections (node:internal/process/task_queues:105:5)\n    at async canActivateFn (E:\\hr-enterprise\\backend\\node_modules\\.pnpm\\@nestjs+core@11.1.13_@nestj_96be42e2ef954f3497dd2af707cd3b66\\node_modules\\@nestjs\\core\\router\\router-execution-context.js:135:33)\n    at async E:\\hr-enterprise\\backend\\node_modules\\.pnpm\\@nestjs+core@11.1.13_@nestj_96be42e2ef954f3497dd2af707cd3b66\\node_modules\\@nestjs\\core\\router\\router-execution-context.js:42:31\n    at async E:\\hr-enterprise\\backend\\node_modules\\.pnpm\\@nestjs+core@11.1.13_@nestj_96be42e2ef954f3497dd2af707cd3b66\\node_modules\\@nestjs\\core\\router\\router-proxy.js:9:17"],"timestamp":"2026-02-17T06:27:36.904Z"}
{"level":"error","message":"GET /analytics/executive-summary 403 - 13ms - ::1 - Mozilla/5.0 (Windows NT 10.0; Win64; x64) AppleWebKit/537.36 (KHTML, like Gecko) Chrome/144.0.0.0 Safari/537.36","stack":[null],"timestamp":"2026-02-17T06:27:36.911Z"}
{"context":"HttpExceptionFilter","level":"error","message":"GET /analytics/executive-summary 403 - Access denied. Required permissions: analytics:read","stack":["ForbiddenException: Access denied. Required permissions: analytics:read\n    at PermissionsGuard.canActivate (E:\\hr-enterprise\\backend\\src\\common\\guards\\permissions.guard.ts:42:13)\n    at GuardsConsumer.tryActivate (E:\\hr-enterprise\\backend\\node_modules\\.pnpm\\@nestjs+core@11.1.13_@nestj_96be42e2ef954f3497dd2af707cd3b66\\node_modules\\@nestjs\\core\\guards\\guards-consumer.js:15:34)\n    at process.processTicksAndRejections (node:internal/process/task_queues:105:5)\n    at async canActivateFn (E:\\hr-enterprise\\backend\\node_modules\\.pnpm\\@nestjs+core@11.1.13_@nestj_96be42e2ef954f3497dd2af707cd3b66\\node_modules\\@nestjs\\core\\router\\router-execution-context.js:135:33)\n    at async E:\\hr-enterprise\\backend\\node_modules\\.pnpm\\@nestjs+core@11.1.13_@nestj_96be42e2ef954f3497dd2af707cd3b66\\node_modules\\@nestjs\\core\\router\\router-execution-context.js:42:31\n    at async E:\\hr-enterprise\\backend\\node_modules\\.pnpm\\@nestjs+core@11.1.13_@nestj_96be42e2ef954f3497dd2af707cd3b66\\node_modules\\@nestjs\\core\\router\\router-proxy.js:9:17"],"timestamp":"2026-02-17T06:27:37.929Z"}
{"level":"error","message":"GET /analytics/executive-summary 403 - 6ms - ::1 - Mozilla/5.0 (Windows NT 10.0; Win64; x64) AppleWebKit/537.36 (KHTML, like Gecko) Chrome/144.0.0.0 Safari/537.36","stack":[null],"timestamp":"2026-02-17T06:27:37.931Z"}
{"context":"HttpExceptionFilter","level":"error","message":"GET /analytics/executive-summary 403 - Access denied. Required permissions: analytics:read","stack":["ForbiddenException: Access denied. Required permissions: analytics:read\n    at PermissionsGuard.canActivate (E:\\hr-enterprise\\backend\\src\\common\\guards\\permissions.guard.ts:42:13)\n    at GuardsConsumer.tryActivate (E:\\hr-enterprise\\backend\\node_modules\\.pnpm\\@nestjs+core@11.1.13_@nestj_96be42e2ef954f3497dd2af707cd3b66\\node_modules\\@nestjs\\core\\guards\\guards-consumer.js:15:34)\n    at process.processTicksAndRejections (node:internal/process/task_queues:105:5)\n    at async canActivateFn (E:\\hr-enterprise\\backend\\node_modules\\.pnpm\\@nestjs+core@11.1.13_@nestj_96be42e2ef954f3497dd2af707cd3b66\\node_modules\\@nestjs\\core\\router\\router-execution-context.js:135:33)\n    at async E:\\hr-enterprise\\backend\\node_modules\\.pnpm\\@nestjs+core@11.1.13_@nestj_96be42e2ef954f3497dd2af707cd3b66\\node_modules\\@nestjs\\core\\router\\router-execution-context.js:42:31\n    at async E:\\hr-enterprise\\backend\\node_modules\\.pnpm\\@nestjs+core@11.1.13_@nestj_96be42e2ef954f3497dd2af707cd3b66\\node_modules\\@nestjs\\core\\router\\router-proxy.js:9:17"],"timestamp":"2026-02-17T06:28:10.635Z"}
{"level":"error","message":"GET /analytics/executive-summary 403 - 39ms - ::1 - Mozilla/5.0 (Windows NT 10.0; Win64; x64) AppleWebKit/537.36 (KHTML, like Gecko) Chrome/144.0.0.0 Safari/537.36","stack":[null],"timestamp":"2026-02-17T06:28:10.643Z"}
{"context":"HttpExceptionFilter","level":"error","message":"GET /analytics/executive-summary 403 - Access denied. Required permissions: analytics:read","stack":["ForbiddenException: Access denied. Required permissions: analytics:read\n    at PermissionsGuard.canActivate (E:\\hr-enterprise\\backend\\src\\common\\guards\\permissions.guard.ts:42:13)\n    at GuardsConsumer.tryActivate (E:\\hr-enterprise\\backend\\node_modules\\.pnpm\\@nestjs+core@11.1.13_@nestj_96be42e2ef954f3497dd2af707cd3b66\\node_modules\\@nestjs\\core\\guards\\guards-consumer.js:15:34)\n    at process.processTicksAndRejections (node:internal/process/task_queues:105:5)\n    at async canActivateFn (E:\\hr-enterprise\\backend\\node_modules\\.pnpm\\@nestjs+core@11.1.13_@nestj_96be42e2ef954f3497dd2af707cd3b66\\node_modules\\@nestjs\\core\\router\\router-execution-context.js:135:33)\n    at async E:\\hr-enterprise\\backend\\node_modules\\.pnpm\\@nestjs+core@11.1.13_@nestj_96be42e2ef954f3497dd2af707cd3b66\\node_modules\\@nestjs\\core\\router\\router-execution-context.js:42:31\n    at async E:\\hr-enterprise\\backend\\node_modules\\.pnpm\\@nestjs+core@11.1.13_@nestj_96be42e2ef954f3497dd2af707cd3b66\\node_modules\\@nestjs\\core\\router\\router-proxy.js:9:17"],"timestamp":"2026-02-17T06:28:11.665Z"}
{"level":"error","message":"GET /analytics/executive-summary 403 - 8ms - ::1 - Mozilla/5.0 (Windows NT 10.0; Win64; x64) AppleWebKit/537.36 (KHTML, like Gecko) Chrome/144.0.0.0 Safari/537.36","stack":[null],"timestamp":"2026-02-17T06:28:11.667Z"}
{"context":"HttpExceptionFilter","level":"error","message":"GET /analytics/executive-summary 401 - Invalid or expired token","stack":["UnauthorizedException: Invalid or expired token\n    at JwtAuthGuard.canActivate (E:\\hr-enterprise\\backend\\src\\common\\guards\\jwt-auth.guard.ts:63:13)\n    at process.processTicksAndRejections (node:internal/process/task_queues:105:5)\n    at async GuardsConsumer.tryActivate (E:\\hr-enterprise\\backend\\node_modules\\.pnpm\\@nestjs+core@11.1.13_@nestj_96be42e2ef954f3497dd2af707cd3b66\\node_modules\\@nestjs\\core\\guards\\guards-consumer.js:22:17)\n    at async canActivateFn (E:\\hr-enterprise\\backend\\node_modules\\.pnpm\\@nestjs+core@11.1.13_@nestj_96be42e2ef954f3497dd2af707cd3b66\\node_modules\\@nestjs\\core\\router\\router-execution-context.js:135:33)\n    at async E:\\hr-enterprise\\backend\\node_modules\\.pnpm\\@nestjs+core@11.1.13_@nestj_96be42e2ef954f3497dd2af707cd3b66\\node_modules\\@nestjs\\core\\router\\router-execution-context.js:42:31\n    at async E:\\hr-enterprise\\backend\\node_modules\\.pnpm\\@nestjs+core@11.1.13_@nestj_96be42e2ef954f3497dd2af707cd3b66\\node_modules\\@nestjs\\core\\router\\router-proxy.js:9:17"],"timestamp":"2026-02-17T07:13:23.129Z"}
{"level":"error","message":"GET /analytics/executive-summary 401 - 124ms - ::1 - Mozilla/5.0 (Windows NT 10.0; Win64; x64) AppleWebKit/537.36 (KHTML, like Gecko) Chrome/144.0.0.0 Safari/537.36","stack":[null],"timestamp":"2026-02-17T07:13:23.161Z"}
{"context":"HttpExceptionFilter","level":"error","message":"GET /analytics/executive-summary 401 - Invalid or expired token","stack":["UnauthorizedException: Invalid or expired token\n    at JwtAuthGuard.canActivate (E:\\hr-enterprise\\backend\\src\\common\\guards\\jwt-auth.guard.ts:63:13)\n    at process.processTicksAndRejections (node:internal/process/task_queues:105:5)\n    at async GuardsConsumer.tryActivate (E:\\hr-enterprise\\backend\\node_modules\\.pnpm\\@nestjs+core@11.1.13_@nestj_96be42e2ef954f3497dd2af707cd3b66\\node_modules\\@nestjs\\core\\guards\\guards-consumer.js:22:17)\n    at async canActivateFn (E:\\hr-enterprise\\backend\\node_modules\\.pnpm\\@nestjs+core@11.1.13_@nestj_96be42e2ef954f3497dd2af707cd3b66\\node_modules\\@nestjs\\core\\router\\router-execution-context.js:135:33)\n    at async E:\\hr-enterprise\\backend\\node_modules\\.pnpm\\@nestjs+core@11.1.13_@nestj_96be42e2ef954f3497dd2af707cd3b66\\node_modules\\@nestjs\\core\\router\\router-execution-context.js:42:31\n    at async E:\\hr-enterprise\\backend\\node_modules\\.pnpm\\@nestjs+core@11.1.13_@nestj_96be42e2ef954f3497dd2af707cd3b66\\node_modules\\@nestjs\\core\\router\\router-proxy.js:9:17"],"timestamp":"2026-02-17T07:33:55.835Z"}
{"level":"error","message":"GET /analytics/executive-summary 401 - 28ms - ::1 - Mozilla/5.0 (Windows NT 10.0; Win64; x64) AppleWebKit/537.36 (KHTML, like Gecko) Chrome/144.0.0.0 Safari/537.36","stack":[null],"timestamp":"2026-02-17T07:33:55.843Z"}
{"clientVersion":"7.4.0","context":"ExceptionsHandler","error":{"clientVersion":"7.4.0","name":"PrismaClientValidationError"},"level":"error","message":"\nInvalid `this.prisma.employee.count()` invocation in\nE:\\hr-enterprise\\backend\\src\\analytics\\analytics.service.ts:259:57\n\n  256 const endOfYear = new Date(year, 11, 31);\n  257 \n  258 // Employees at start of year\n 259 const employeesAtStart = await this.prisma.employee.count({\n        select: {\n          _count: {\n            select: {\n              _all: true\n            }\n          }\n        },\n        where: {\n          dateOfJoining: {\n            lt: new Date(\"Invalid Date\")\n                ~~~~~~~~~~~~~~~~~~~~~~~~\n          },\n          OR: [\n            {\n              employmentStatus: \"active\"\n            }\n          ]\n        }\n      })\n\nInvalid value for argument `lt`: Provided Date object is invalid. Expected Date.","stack":["PrismaClientValidationError: \nInvalid `this.prisma.employee.count()` invocation in\nE:\\hr-enterprise\\backend\\src\\analytics\\analytics.service.ts:259:57\n\n  256 const endOfYear = new Date(year, 11, 31);\n  257 \n  258 // Employees at start of year\n 259 const employeesAtStart = await this.prisma.employee.count({\n        select: {\n          _count: {\n            select: {\n              _all: true\n            }\n          }\n        },\n        where: {\n          dateOfJoining: {\n            lt: new Date(\"Invalid Date\")\n                ~~~~~~~~~~~~~~~~~~~~~~~~\n          },\n          OR: [\n            {\n              employmentStatus: \"active\"\n            }\n          ]\n        }\n      })\n\nInvalid value for argument `lt`: Provided Date object is invalid. Expected Date.\n    at ar (E:\\hr-enterprise\\backend\\node_modules\\.prisma\\client\\runtime\\client.js:14:1379)\n    at e.throwValidationError (E:\\hr-enterprise\\backend\\node_modules\\.prisma\\client\\runtime\\client.js:14:10189)\n    at So (E:\\hr-enterprise\\backend\\node_modules\\.prisma\\client\\runtime\\client.js:14:7553)\n    at Ao (E:\\hr-enterprise\\backend\\node_modules\\.prisma\\client\\runtime\\client.js:14:8880)\n    at So (E:\\hr-enterprise\\backend\\node_modules\\.prisma\\client\\runtime\\client.js:14:8387)\n    at Ao (E:\\hr-enterprise\\backend\\node_modules\\.prisma\\client\\runtime\\client.js:14:8880)\n    at So (E:\\hr-enterprise\\backend\\node_modules\\.prisma\\client\\runtime\\client.js:14:8387)\n    at Ao (E:\\hr-enterprise\\backend\\node_modules\\.prisma\\client\\runtime\\client.js:14:8880)\n    at bt (E:\\hr-enterprise\\backend\\node_modules\\.prisma\\client\\runtime\\client.js:14:5914)\n    at pr (E:\\hr-enterprise\\backend\\node_modules\\.prisma\\client\\runtime\\client.js:14:5816)"],"timestamp":"2026-02-17T07:48:48.136Z"}
{"level":"error","message":"GET /analytics/attrition 500 - 88ms - ::1 - Mozilla/5.0 (Windows NT 10.0; Win64; x64) AppleWebKit/537.36 (KHTML, like Gecko) Chrome/144.0.0.0 Safari/537.36","stack":[null],"timestamp":"2026-02-17T07:48:48.138Z"}
{"clientVersion":"7.4.0","context":"ExceptionsHandler","error":{"clientVersion":"7.4.0","name":"PrismaClientValidationError"},"level":"error","message":"\nInvalid `this.prisma.employee.count()` invocation in\nE:\\hr-enterprise\\backend\\src\\analytics\\analytics.service.ts:259:57\n\n  256 const endOfYear = new Date(year, 11, 31);\n  257 \n  258 // Employees at start of year\n 259 const employeesAtStart = await this.prisma.employee.count({\n        select: {\n          _count: {\n            select: {\n              _all: true\n            }\n          }\n        },\n        where: {\n          dateOfJoining: {\n            lt: new Date(\"Invalid Date\")\n                ~~~~~~~~~~~~~~~~~~~~~~~~\n          },\n          OR: [\n            {\n              employmentStatus: \"active\"\n            }\n          ]\n        }\n      })\n\nInvalid value for argument `lt`: Provided Date object is invalid. Expected Date.","stack":["PrismaClientValidationError: \nInvalid `this.prisma.employee.count()` invocation in\nE:\\hr-enterprise\\backend\\src\\analytics\\analytics.service.ts:259:57\n\n  256 const endOfYear = new Date(year, 11, 31);\n  257 \n  258 // Employees at start of year\n 259 const employeesAtStart = await this.prisma.employee.count({\n        select: {\n          _count: {\n            select: {\n              _all: true\n            }\n          }\n        },\n        where: {\n          dateOfJoining: {\n            lt: new Date(\"Invalid Date\")\n                ~~~~~~~~~~~~~~~~~~~~~~~~\n          },\n          OR: [\n            {\n              employmentStatus: \"active\"\n            }\n          ]\n        }\n      })\n\nInvalid value for argument `lt`: Provided Date object is invalid. Expected Date.\n    at ar (E:\\hr-enterprise\\backend\\node_modules\\.prisma\\client\\runtime\\client.js:14:1379)\n    at e.throwValidationError (E:\\hr-enterprise\\backend\\node_modules\\.prisma\\client\\runtime\\client.js:14:10189)\n    at So (E:\\hr-enterprise\\backend\\node_modules\\.prisma\\client\\runtime\\client.js:14:7553)\n    at Ao (E:\\hr-enterprise\\backend\\node_modules\\.prisma\\client\\runtime\\client.js:14:8880)\n    at So (E:\\hr-enterprise\\backend\\node_modules\\.prisma\\client\\runtime\\client.js:14:8387)\n    at Ao (E:\\hr-enterprise\\backend\\node_modules\\.prisma\\client\\runtime\\client.js:14:8880)\n    at So (E:\\hr-enterprise\\backend\\node_modules\\.prisma\\client\\runtime\\client.js:14:8387)\n    at Ao (E:\\hr-enterprise\\backend\\node_modules\\.prisma\\client\\runtime\\client.js:14:8880)\n    at bt (E:\\hr-enterprise\\backend\\node_modules\\.prisma\\client\\runtime\\client.js:14:5914)\n    at pr (E:\\hr-enterprise\\backend\\node_modules\\.prisma\\client\\runtime\\client.js:14:5816)"],"timestamp":"2026-02-17T07:48:49.159Z"}
{"level":"error","message":"GET /analytics/attrition 500 - 16ms - ::1 - Mozilla/5.0 (Windows NT 10.0; Win64; x64) AppleWebKit/537.36 (KHTML, like Gecko) Chrome/144.0.0.0 Safari/537.36","stack":[null],"timestamp":"2026-02-17T07:48:49.162Z"}
{"context":"HttpExceptionFilter","level":"error","message":"GET /leave-requests?page=1&limit=10 401 - Invalid or expired token","stack":["UnauthorizedException: Invalid or expired token\n    at JwtAuthGuard.canActivate (E:\\hr-enterprise\\backend\\src\\common\\guards\\jwt-auth.guard.ts:63:13)\n    at process.processTicksAndRejections (node:internal/process/task_queues:105:5)\n    at async GuardsConsumer.tryActivate (E:\\hr-enterprise\\backend\\node_modules\\.pnpm\\@nestjs+core@11.1.13_@nestj_96be42e2ef954f3497dd2af707cd3b66\\node_modules\\@nestjs\\core\\guards\\guards-consumer.js:22:17)\n    at async canActivateFn (E:\\hr-enterprise\\backend\\node_modules\\.pnpm\\@nestjs+core@11.1.13_@nestj_96be42e2ef954f3497dd2af707cd3b66\\node_modules\\@nestjs\\core\\router\\router-execution-context.js:135:33)\n    at async E:\\hr-enterprise\\backend\\node_modules\\.pnpm\\@nestjs+core@11.1.13_@nestj_96be42e2ef954f3497dd2af707cd3b66\\node_modules\\@nestjs\\core\\router\\router-execution-context.js:42:31\n    at async E:\\hr-enterprise\\backend\\node_modules\\.pnpm\\@nestjs+core@11.1.13_@nestj_96be42e2ef954f3497dd2af707cd3b66\\node_modules\\@nestjs\\core\\router\\router-proxy.js:9:17"],"timestamp":"2026-02-17T07:49:10.426Z"}
{"level":"error","message":"GET /leave-requests?page=1&limit=10 401 - 6ms - ::1 - Mozilla/5.0 (Windows NT 10.0; Win64; x64) AppleWebKit/537.36 (KHTML, like Gecko) Chrome/144.0.0.0 Safari/537.36","stack":[null],"timestamp":"2026-02-17T07:49:10.429Z"}
{"context":"HttpExceptionFilter","level":"error","message":"GET /auth/me 401 - Invalid or expired token","stack":["UnauthorizedException: Invalid or expired token\n    at JwtAuthGuard.canActivate (E:\\hr-enterprise\\backend\\src\\common\\guards\\jwt-auth.guard.ts:63:13)\n    at process.processTicksAndRejections (node:internal/process/task_queues:105:5)\n    at async GuardsConsumer.tryActivate (E:\\hr-enterprise\\backend\\node_modules\\.pnpm\\@nestjs+core@11.1.13_@nestj_96be42e2ef954f3497dd2af707cd3b66\\node_modules\\@nestjs\\core\\guards\\guards-consumer.js:22:17)\n    at async canActivateFn (E:\\hr-enterprise\\backend\\node_modules\\.pnpm\\@nestjs+core@11.1.13_@nestj_96be42e2ef954f3497dd2af707cd3b66\\node_modules\\@nestjs\\core\\router\\router-execution-context.js:135:33)\n    at async E:\\hr-enterprise\\backend\\node_modules\\.pnpm\\@nestjs+core@11.1.13_@nestj_96be42e2ef954f3497dd2af707cd3b66\\node_modules\\@nestjs\\core\\router\\router-execution-context.js:42:31\n    at async E:\\hr-enterprise\\backend\\node_modules\\.pnpm\\@nestjs+core@11.1.13_@nestj_96be42e2ef954f3497dd2af707cd3b66\\node_modules\\@nestjs\\core\\router\\router-proxy.js:9:17"],"timestamp":"2026-02-17T08:07:45.516Z"}
{"level":"error","message":"GET /auth/me 401 - 33ms - ::1 - Mozilla/5.0 (Windows NT 10.0; Win64; x64) AppleWebKit/537.36 (KHTML, like Gecko) Chrome/144.0.0.0 Safari/537.36","stack":[null],"timestamp":"2026-02-17T08:07:45.530Z"}
{"context":"HttpExceptionFilter","level":"error","message":"GET /auth/me 401 - Invalid or expired token","stack":["UnauthorizedException: Invalid or expired token\n    at JwtAuthGuard.canActivate (E:\\hr-enterprise\\backend\\src\\common\\guards\\jwt-auth.guard.ts:63:13)\n    at process.processTicksAndRejections (node:internal/process/task_queues:105:5)\n    at async GuardsConsumer.tryActivate (E:\\hr-enterprise\\backend\\node_modules\\.pnpm\\@nestjs+core@11.1.13_@nestj_96be42e2ef954f3497dd2af707cd3b66\\node_modules\\@nestjs\\core\\guards\\guards-consumer.js:22:17)\n    at async canActivateFn (E:\\hr-enterprise\\backend\\node_modules\\.pnpm\\@nestjs+core@11.1.13_@nestj_96be42e2ef954f3497dd2af707cd3b66\\node_modules\\@nestjs\\core\\router\\router-execution-context.js:135:33)\n    at async E:\\hr-enterprise\\backend\\node_modules\\.pnpm\\@nestjs+core@11.1.13_@nestj_96be42e2ef954f3497dd2af707cd3b66\\node_modules\\@nestjs\\core\\router\\router-execution-context.js:42:31\n    at async E:\\hr-enterprise\\backend\\node_modules\\.pnpm\\@nestjs+core@11.1.13_@nestj_96be42e2ef954f3497dd2af707cd3b66\\node_modules\\@nestjs\\core\\router\\router-proxy.js:9:17"],"timestamp":"2026-02-17T08:07:45.554Z"}
{"level":"error","message":"GET /auth/me 401 - 18ms - ::1 - Mozilla/5.0 (Windows NT 10.0; Win64; x64) AppleWebKit/537.36 (KHTML, like Gecko) Chrome/144.0.0.0 Safari/537.36","stack":[null],"timestamp":"2026-02-17T08:07:45.559Z"}
{"context":"PrismaExceptionFilter","level":"error","message":"POST /auth/refresh 409 - P2002: Unique constraint violation","stack":[null],"timestamp":"2026-02-17T08:07:46.093Z"}
{"level":"error","message":"POST /auth/refresh 409 - 532ms - ::1 - Mozilla/5.0 (Windows NT 10.0; Win64; x64) AppleWebKit/537.36 (KHTML, like Gecko) Chrome/144.0.0.0 Safari/537.36","stack":[null],"timestamp":"2026-02-17T08:07:46.096Z"}
{"clientVersion":"7.4.0","context":"ExceptionsHandler","error":{"clientVersion":"7.4.0","name":"PrismaClientValidationError"},"level":"error","message":"\nInvalid `this.prisma.employee.count()` invocation in\nE:\\hr-enterprise\\backend\\src\\analytics\\analytics.service.ts:259:57\n\n  256 const endOfYear = new Date(year, 11, 31);\n  257 \n  258 // Employees at start of year\n 259 const employeesAtStart = await this.prisma.employee.count({\n        select: {\n          _count: {\n            select: {\n              _all: true\n            }\n          }\n        },\n        where: {\n          dateOfJoining: {\n            lt: new Date(\"Invalid Date\")\n                ~~~~~~~~~~~~~~~~~~~~~~~~\n          },\n          OR: [\n            {\n              employmentStatus: \"active\"\n            }\n          ]\n        }\n      })\n\nInvalid value for argument `lt`: Provided Date object is invalid. Expected Date.","stack":["PrismaClientValidationError: \nInvalid `this.prisma.employee.count()` invocation in\nE:\\hr-enterprise\\backend\\src\\analytics\\analytics.service.ts:259:57\n\n  256 const endOfYear = new Date(year, 11, 31);\n  257 \n  258 // Employees at start of year\n 259 const employeesAtStart = await this.prisma.employee.count({\n        select: {\n          _count: {\n            select: {\n              _all: true\n            }\n          }\n        },\n        where: {\n          dateOfJoining: {\n            lt: new Date(\"Invalid Date\")\n                ~~~~~~~~~~~~~~~~~~~~~~~~\n          },\n          OR: [\n            {\n              employmentStatus: \"active\"\n            }\n          ]\n        }\n      })\n\nInvalid value for argument `lt`: Provided Date object is invalid. Expected Date.\n    at ar (E:\\hr-enterprise\\backend\\node_modules\\.prisma\\client\\runtime\\client.js:14:1379)\n    at e.throwValidationError (E:\\hr-enterprise\\backend\\node_modules\\.prisma\\client\\runtime\\client.js:14:10189)\n    at So (E:\\hr-enterprise\\backend\\node_modules\\.prisma\\client\\runtime\\client.js:14:7553)\n    at Ao (E:\\hr-enterprise\\backend\\node_modules\\.prisma\\client\\runtime\\client.js:14:8880)\n    at So (E:\\hr-enterprise\\backend\\node_modules\\.prisma\\client\\runtime\\client.js:14:8387)\n    at Ao (E:\\hr-enterprise\\backend\\node_modules\\.prisma\\client\\runtime\\client.js:14:8880)\n    at So (E:\\hr-enterprise\\backend\\node_modules\\.prisma\\client\\runtime\\client.js:14:8387)\n    at Ao (E:\\hr-enterprise\\backend\\node_modules\\.prisma\\client\\runtime\\client.js:14:8880)\n    at bt (E:\\hr-enterprise\\backend\\node_modules\\.prisma\\client\\runtime\\client.js:14:5914)\n    at pr (E:\\hr-enterprise\\backend\\node_modules\\.prisma\\client\\runtime\\client.js:14:5816)"],"timestamp":"2026-02-17T08:07:56.866Z"}
{"level":"error","message":"GET /analytics/attrition 500 - 35ms - ::1 - Mozilla/5.0 (Windows NT 10.0; Win64; x64) AppleWebKit/537.36 (KHTML, like Gecko) Chrome/144.0.0.0 Safari/537.36","stack":[null],"timestamp":"2026-02-17T08:07:56.868Z"}
{"clientVersion":"7.4.0","context":"ExceptionsHandler","error":{"clientVersion":"7.4.0","name":"PrismaClientValidationError"},"level":"error","message":"\nInvalid `this.prisma.employee.count()` invocation in\nE:\\hr-enterprise\\backend\\src\\analytics\\analytics.service.ts:259:57\n\n  256 const endOfYear = new Date(year, 11, 31);\n  257 \n  258 // Employees at start of year\n 259 const employeesAtStart = await this.prisma.employee.count({\n        select: {\n          _count: {\n            select: {\n              _all: true\n            }\n          }\n        },\n        where: {\n          dateOfJoining: {\n            lt: new Date(\"Invalid Date\")\n                ~~~~~~~~~~~~~~~~~~~~~~~~\n          },\n          OR: [\n            {\n              employmentStatus: \"active\"\n            }\n          ]\n        }\n      })\n\nInvalid value for argument `lt`: Provided Date object is invalid. Expected Date.","stack":["PrismaClientValidationError: \nInvalid `this.prisma.employee.count()` invocation in\nE:\\hr-enterprise\\backend\\src\\analytics\\analytics.service.ts:259:57\n\n  256 const endOfYear = new Date(year, 11, 31);\n  257 \n  258 // Employees at start of year\n 259 const employeesAtStart = await this.prisma.employee.count({\n        select: {\n          _count: {\n            select: {\n              _all: true\n            }\n          }\n        },\n        where: {\n          dateOfJoining: {\n            lt: new Date(\"Invalid Date\")\n                ~~~~~~~~~~~~~~~~~~~~~~~~\n          },\n          OR: [\n            {\n              employmentStatus: \"active\"\n            }\n          ]\n        }\n      })\n\nInvalid value for argument `lt`: Provided Date object is invalid. Expected Date.\n    at ar (E:\\hr-enterprise\\backend\\node_modules\\.prisma\\client\\runtime\\client.js:14:1379)\n    at e.throwValidationError (E:\\hr-enterprise\\backend\\node_modules\\.prisma\\client\\runtime\\client.js:14:10189)\n    at So (E:\\hr-enterprise\\backend\\node_modules\\.prisma\\client\\runtime\\client.js:14:7553)\n    at Ao (E:\\hr-enterprise\\backend\\node_modules\\.prisma\\client\\runtime\\client.js:14:8880)\n    at So (E:\\hr-enterprise\\backend\\node_modules\\.prisma\\client\\runtime\\client.js:14:8387)\n    at Ao (E:\\hr-enterprise\\backend\\node_modules\\.prisma\\client\\runtime\\client.js:14:8880)\n    at So (E:\\hr-enterprise\\backend\\node_modules\\.prisma\\client\\runtime\\client.js:14:8387)\n    at Ao (E:\\hr-enterprise\\backend\\node_modules\\.prisma\\client\\runtime\\client.js:14:8880)\n    at bt (E:\\hr-enterprise\\backend\\node_modules\\.prisma\\client\\runtime\\client.js:14:5914)\n    at pr (E:\\hr-enterprise\\backend\\node_modules\\.prisma\\client\\runtime\\client.js:14:5816)"],"timestamp":"2026-02-17T08:07:57.895Z"}
{"level":"error","message":"GET /analytics/attrition 500 - 24ms - ::1 - Mozilla/5.0 (Windows NT 10.0; Win64; x64) AppleWebKit/537.36 (KHTML, like Gecko) Chrome/144.0.0.0 Safari/537.36","stack":[null],"timestamp":"2026-02-17T08:07:57.897Z"}
{"clientVersion":"7.4.0","context":"ExceptionsHandler","error":{"clientVersion":"7.4.0","name":"PrismaClientValidationError"},"level":"error","message":"\nInvalid `this.prisma.employee.count()` invocation in\nE:\\hr-enterprise\\backend\\src\\analytics\\analytics.service.ts:259:57\n\n  256 const endOfYear = new Date(year, 11, 31);\n  257 \n  258 // Employees at start of year\n 259 const employeesAtStart = await this.prisma.employee.count({\n        select: {\n          _count: {\n            select: {\n              _all: true\n            }\n          }\n        },\n        where: {\n          dateOfJoining: {\n            lt: new Date(\"Invalid Date\")\n                ~~~~~~~~~~~~~~~~~~~~~~~~\n          },\n          OR: [\n            {\n              employmentStatus: \"active\"\n            }\n          ]\n        }\n      })\n\nInvalid value for argument `lt`: Provided Date object is invalid. Expected Date.","stack":["PrismaClientValidationError: \nInvalid `this.prisma.employee.count()` invocation in\nE:\\hr-enterprise\\backend\\src\\analytics\\analytics.service.ts:259:57\n\n  256 const endOfYear = new Date(year, 11, 31);\n  257 \n  258 // Employees at start of year\n 259 const employeesAtStart = await this.prisma.employee.count({\n        select: {\n          _count: {\n            select: {\n              _all: true\n            }\n          }\n        },\n        where: {\n          dateOfJoining: {\n            lt: new Date(\"Invalid Date\")\n                ~~~~~~~~~~~~~~~~~~~~~~~~\n          },\n          OR: [\n            {\n              employmentStatus: \"active\"\n            }\n          ]\n        }\n      })\n\nInvalid value for argument `lt`: Provided Date object is invalid. Expected Date.\n    at ar (E:\\hr-enterprise\\backend\\node_modules\\.prisma\\client\\runtime\\client.js:14:1379)\n    at e.throwValidationError (E:\\hr-enterprise\\backend\\node_modules\\.prisma\\client\\runtime\\client.js:14:10189)\n    at So (E:\\hr-enterprise\\backend\\node_modules\\.prisma\\client\\runtime\\client.js:14:7553)\n    at Ao (E:\\hr-enterprise\\backend\\node_modules\\.prisma\\client\\runtime\\client.js:14:8880)\n    at So (E:\\hr-enterprise\\backend\\node_modules\\.prisma\\client\\runtime\\client.js:14:8387)\n    at Ao (E:\\hr-enterprise\\backend\\node_modules\\.prisma\\client\\runtime\\client.js:14:8880)\n    at So (E:\\hr-enterprise\\backend\\node_modules\\.prisma\\client\\runtime\\client.js:14:8387)\n    at Ao (E:\\hr-enterprise\\backend\\node_modules\\.prisma\\client\\runtime\\client.js:14:8880)\n    at bt (E:\\hr-enterprise\\backend\\node_modules\\.prisma\\client\\runtime\\client.js:14:5914)\n    at pr (E:\\hr-enterprise\\backend\\node_modules\\.prisma\\client\\runtime\\client.js:14:5816)"],"timestamp":"2026-02-17T08:08:07.893Z"}
{"level":"error","message":"GET /analytics/attrition 500 - 15ms - ::1 - Mozilla/5.0 (Windows NT 10.0; Win64; x64) AppleWebKit/537.36 (KHTML, like Gecko) Chrome/144.0.0.0 Safari/537.36","stack":[null],"timestamp":"2026-02-17T08:08:07.895Z"}
{"clientVersion":"7.4.0","context":"ExceptionsHandler","error":{"clientVersion":"7.4.0","name":"PrismaClientValidationError"},"level":"error","message":"\nInvalid `this.prisma.employee.count()` invocation in\nE:\\hr-enterprise\\backend\\src\\analytics\\analytics.service.ts:259:57\n\n  256 const endOfYear = new Date(year, 11, 31);\n  257 \n  258 // Employees at start of year\n 259 const employeesAtStart = await this.prisma.employee.count({\n        select: {\n          _count: {\n            select: {\n              _all: true\n            }\n          }\n        },\n        where: {\n          dateOfJoining: {\n            lt: new Date(\"Invalid Date\")\n                ~~~~~~~~~~~~~~~~~~~~~~~~\n          },\n          OR: [\n            {\n              employmentStatus: \"active\"\n            }\n          ]\n        }\n      })\n\nInvalid value for argument `lt`: Provided Date object is invalid. Expected Date.","stack":["PrismaClientValidationError: \nInvalid `this.prisma.employee.count()` invocation in\nE:\\hr-enterprise\\backend\\src\\analytics\\analytics.service.ts:259:57\n\n  256 const endOfYear = new Date(year, 11, 31);\n  257 \n  258 // Employees at start of year\n 259 const employeesAtStart = await this.prisma.employee.count({\n        select: {\n          _count: {\n            select: {\n              _all: true\n            }\n          }\n        },\n        where: {\n          dateOfJoining: {\n            lt: new Date(\"Invalid Date\")\n                ~~~~~~~~~~~~~~~~~~~~~~~~\n          },\n          OR: [\n            {\n              employmentStatus: \"active\"\n            }\n          ]\n        }\n      })\n\nInvalid value for argument `lt`: Provided Date object is invalid. Expected Date.\n    at ar (E:\\hr-enterprise\\backend\\node_modules\\.prisma\\client\\runtime\\client.js:14:1379)\n    at e.throwValidationError (E:\\hr-enterprise\\backend\\node_modules\\.prisma\\client\\runtime\\client.js:14:10189)\n    at So (E:\\hr-enterprise\\backend\\node_modules\\.prisma\\client\\runtime\\client.js:14:7553)\n    at Ao (E:\\hr-enterprise\\backend\\node_modules\\.prisma\\client\\runtime\\client.js:14:8880)\n    at So (E:\\hr-enterprise\\backend\\node_modules\\.prisma\\client\\runtime\\client.js:14:8387)\n    at Ao (E:\\hr-enterprise\\backend\\node_modules\\.prisma\\client\\runtime\\client.js:14:8880)\n    at So (E:\\hr-enterprise\\backend\\node_modules\\.prisma\\client\\runtime\\client.js:14:8387)\n    at Ao (E:\\hr-enterprise\\backend\\node_modules\\.prisma\\client\\runtime\\client.js:14:8880)\n    at bt (E:\\hr-enterprise\\backend\\node_modules\\.prisma\\client\\runtime\\client.js:14:5914)\n    at pr (E:\\hr-enterprise\\backend\\node_modules\\.prisma\\client\\runtime\\client.js:14:5816)"],"timestamp":"2026-02-17T08:08:08.908Z"}
{"level":"error","message":"GET /analytics/attrition 500 - 14ms - ::1 - Mozilla/5.0 (Windows NT 10.0; Win64; x64) AppleWebKit/537.36 (KHTML, like Gecko) Chrome/144.0.0.0 Safari/537.36","stack":[null],"timestamp":"2026-02-17T08:08:08.909Z"}
{"clientVersion":"7.4.0","context":"ExceptionsHandler","error":{"clientVersion":"7.4.0","name":"PrismaClientValidationError"},"level":"error","message":"\nInvalid `this.prisma.employee.count()` invocation in\nE:\\hr-enterprise\\backend\\src\\analytics\\analytics.service.ts:259:57\n\n  256 const endOfYear = new Date(year, 11, 31);\n  257 \n  258 // Employees at start of year\n 259 const employeesAtStart = await this.prisma.employee.count({\n        select: {\n          _count: {\n            select: {\n              _all: true\n            }\n          }\n        },\n        where: {\n          dateOfJoining: {\n            lt: new Date(\"Invalid Date\")\n                ~~~~~~~~~~~~~~~~~~~~~~~~\n          },\n          OR: [\n            {\n              employmentStatus: \"active\"\n            }\n          ]\n        }\n      })\n\nInvalid value for argument `lt`: Provided Date object is invalid. Expected Date.","stack":["PrismaClientValidationError: \nInvalid `this.prisma.employee.count()` invocation in\nE:\\hr-enterprise\\backend\\src\\analytics\\analytics.service.ts:259:57\n\n  256 const endOfYear = new Date(year, 11, 31);\n  257 \n  258 // Employees at start of year\n 259 const employeesAtStart = await this.prisma.employee.count({\n        select: {\n          _count: {\n            select: {\n              _all: true\n            }\n          }\n        },\n        where: {\n          dateOfJoining: {\n            lt: new Date(\"Invalid Date\")\n                ~~~~~~~~~~~~~~~~~~~~~~~~\n          },\n          OR: [\n            {\n              employmentStatus: \"active\"\n            }\n          ]\n        }\n      })\n\nInvalid value for argument `lt`: Provided Date object is invalid. Expected Date.\n    at ar (E:\\hr-enterprise\\backend\\node_modules\\.prisma\\client\\runtime\\client.js:14:1379)\n    at e.throwValidationError (E:\\hr-enterprise\\backend\\node_modules\\.prisma\\client\\runtime\\client.js:14:10189)\n    at So (E:\\hr-enterprise\\backend\\node_modules\\.prisma\\client\\runtime\\client.js:14:7553)\n    at Ao (E:\\hr-enterprise\\backend\\node_modules\\.prisma\\client\\runtime\\client.js:14:8880)\n    at So (E:\\hr-enterprise\\backend\\node_modules\\.prisma\\client\\runtime\\client.js:14:8387)\n    at Ao (E:\\hr-enterprise\\backend\\node_modules\\.prisma\\client\\runtime\\client.js:14:8880)\n    at So (E:\\hr-enterprise\\backend\\node_modules\\.prisma\\client\\runtime\\client.js:14:8387)\n    at Ao (E:\\hr-enterprise\\backend\\node_modules\\.prisma\\client\\runtime\\client.js:14:8880)\n    at bt (E:\\hr-enterprise\\backend\\node_modules\\.prisma\\client\\runtime\\client.js:14:5914)\n    at pr (E:\\hr-enterprise\\backend\\node_modules\\.prisma\\client\\runtime\\client.js:14:5816)"],"timestamp":"2026-02-17T08:08:19.879Z"}
{"level":"error","message":"GET /analytics/attrition 500 - 19ms - ::1 - Mozilla/5.0 (Windows NT 10.0; Win64; x64) AppleWebKit/537.36 (KHTML, like Gecko) Chrome/144.0.0.0 Safari/537.36","stack":[null],"timestamp":"2026-02-17T08:08:19.881Z"}
{"clientVersion":"7.4.0","context":"ExceptionsHandler","error":{"clientVersion":"7.4.0","name":"PrismaClientValidationError"},"level":"error","message":"\nInvalid `this.prisma.employee.count()` invocation in\nE:\\hr-enterprise\\backend\\src\\analytics\\analytics.service.ts:259:57\n\n  256 const endOfYear = new Date(year, 11, 31);\n  257 \n  258 // Employees at start of year\n 259 const employeesAtStart = await this.prisma.employee.count({\n        select: {\n          _count: {\n            select: {\n              _all: true\n            }\n          }\n        },\n        where: {\n          dateOfJoining: {\n            lt: new Date(\"Invalid Date\")\n                ~~~~~~~~~~~~~~~~~~~~~~~~\n          },\n          OR: [\n            {\n              employmentStatus: \"active\"\n            }\n          ]\n        }\n      })\n\nInvalid value for argument `lt`: Provided Date object is invalid. Expected Date.","stack":["PrismaClientValidationError: \nInvalid `this.prisma.employee.count()` invocation in\nE:\\hr-enterprise\\backend\\src\\analytics\\analytics.service.ts:259:57\n\n  256 const endOfYear = new Date(year, 11, 31);\n  257 \n  258 // Employees at start of year\n 259 const employeesAtStart = await this.prisma.employee.count({\n        select: {\n          _count: {\n            select: {\n              _all: true\n            }\n          }\n        },\n        where: {\n          dateOfJoining: {\n            lt: new Date(\"Invalid Date\")\n                ~~~~~~~~~~~~~~~~~~~~~~~~\n          },\n          OR: [\n            {\n              employmentStatus: \"active\"\n            }\n          ]\n        }\n      })\n\nInvalid value for argument `lt`: Provided Date object is invalid. Expected Date.\n    at ar (E:\\hr-enterprise\\backend\\node_modules\\.prisma\\client\\runtime\\client.js:14:1379)\n    at e.throwValidationError (E:\\hr-enterprise\\backend\\node_modules\\.prisma\\client\\runtime\\client.js:14:10189)\n    at So (E:\\hr-enterprise\\backend\\node_modules\\.prisma\\client\\runtime\\client.js:14:7553)\n    at Ao (E:\\hr-enterprise\\backend\\node_modules\\.prisma\\client\\runtime\\client.js:14:8880)\n    at So (E:\\hr-enterprise\\backend\\node_modules\\.prisma\\client\\runtime\\client.js:14:8387)\n    at Ao (E:\\hr-enterprise\\backend\\node_modules\\.prisma\\client\\runtime\\client.js:14:8880)\n    at So (E:\\hr-enterprise\\backend\\node_modules\\.prisma\\client\\runtime\\client.js:14:8387)\n    at Ao (E:\\hr-enterprise\\backend\\node_modules\\.prisma\\client\\runtime\\client.js:14:8880)\n    at bt (E:\\hr-enterprise\\backend\\node_modules\\.prisma\\client\\runtime\\client.js:14:5914)\n    at pr (E:\\hr-enterprise\\backend\\node_modules\\.prisma\\client\\runtime\\client.js:14:5816)"],"timestamp":"2026-02-17T08:08:20.899Z"}
{"level":"error","message":"GET /analytics/attrition 500 - 14ms - ::1 - Mozilla/5.0 (Windows NT 10.0; Win64; x64) AppleWebKit/537.36 (KHTML, like Gecko) Chrome/144.0.0.0 Safari/537.36","stack":[null],"timestamp":"2026-02-17T08:08:20.901Z"}
{"clientVersion":"7.4.0","context":"ExceptionsHandler","error":{"clientVersion":"7.4.0","name":"PrismaClientValidationError"},"level":"error","message":"\nInvalid `this.prisma.employee.count()` invocation in\nE:\\hr-enterprise\\backend\\src\\analytics\\analytics.service.ts:259:57\n\n  256 const endOfYear = new Date(year, 11, 31);\n  257 \n  258 // Employees at start of year\n 259 const employeesAtStart = await this.prisma.employee.count({\n        select: {\n          _count: {\n            select: {\n              _all: true\n            }\n          }\n        },\n        where: {\n          dateOfJoining: {\n            lt: new Date(\"Invalid Date\")\n                ~~~~~~~~~~~~~~~~~~~~~~~~\n          },\n          OR: [\n            {\n              employmentStatus: \"active\"\n            }\n          ]\n        }\n      })\n\nInvalid value for argument `lt`: Provided Date object is invalid. Expected Date.","stack":["PrismaClientValidationError: \nInvalid `this.prisma.employee.count()` invocation in\nE:\\hr-enterprise\\backend\\src\\analytics\\analytics.service.ts:259:57\n\n  256 const endOfYear = new Date(year, 11, 31);\n  257 \n  258 // Employees at start of year\n 259 const employeesAtStart = await this.prisma.employee.count({\n        select: {\n          _count: {\n            select: {\n              _all: true\n            }\n          }\n        },\n        where: {\n          dateOfJoining: {\n            lt: new Date(\"Invalid Date\")\n                ~~~~~~~~~~~~~~~~~~~~~~~~\n          },\n          OR: [\n            {\n              employmentStatus: \"active\"\n            }\n          ]\n        }\n      })\n\nInvalid value for argument `lt`: Provided Date object is invalid. Expected Date.\n    at ar (E:\\hr-enterprise\\backend\\node_modules\\.prisma\\client\\runtime\\client.js:14:1379)\n    at e.throwValidationError (E:\\hr-enterprise\\backend\\node_modules\\.prisma\\client\\runtime\\client.js:14:10189)\n    at So (E:\\hr-enterprise\\backend\\node_modules\\.prisma\\client\\runtime\\client.js:14:7553)\n    at Ao (E:\\hr-enterprise\\backend\\node_modules\\.prisma\\client\\runtime\\client.js:14:8880)\n    at So (E:\\hr-enterprise\\backend\\node_modules\\.prisma\\client\\runtime\\client.js:14:8387)\n    at Ao (E:\\hr-enterprise\\backend\\node_modules\\.prisma\\client\\runtime\\client.js:14:8880)\n    at So (E:\\hr-enterprise\\backend\\node_modules\\.prisma\\client\\runtime\\client.js:14:8387)\n    at Ao (E:\\hr-enterprise\\backend\\node_modules\\.prisma\\client\\runtime\\client.js:14:8880)\n    at bt (E:\\hr-enterprise\\backend\\node_modules\\.prisma\\client\\runtime\\client.js:14:5914)\n    at pr (E:\\hr-enterprise\\backend\\node_modules\\.prisma\\client\\runtime\\client.js:14:5816)"],"timestamp":"2026-02-17T08:08:25.231Z"}
{"level":"error","message":"GET /analytics/attrition 500 - 12ms - ::1 - Mozilla/5.0 (Windows NT 10.0; Win64; x64) AppleWebKit/537.36 (KHTML, like Gecko) Chrome/144.0.0.0 Safari/537.36","stack":[null],"timestamp":"2026-02-17T08:08:25.234Z"}
{"clientVersion":"7.4.0","context":"ExceptionsHandler","error":{"clientVersion":"7.4.0","name":"PrismaClientValidationError"},"level":"error","message":"\nInvalid `this.prisma.employee.count()` invocation in\nE:\\hr-enterprise\\backend\\src\\analytics\\analytics.service.ts:259:57\n\n  256 const endOfYear = new Date(year, 11, 31);\n  257 \n  258 // Employees at start of year\n 259 const employeesAtStart = await this.prisma.employee.count({\n        select: {\n          _count: {\n            select: {\n              _all: true\n            }\n          }\n        },\n        where: {\n          dateOfJoining: {\n            lt: new Date(\"Invalid Date\")\n                ~~~~~~~~~~~~~~~~~~~~~~~~\n          },\n          OR: [\n            {\n              employmentStatus: \"active\"\n            }\n          ]\n        }\n      })\n\nInvalid value for argument `lt`: Provided Date object is invalid. Expected Date.","stack":["PrismaClientValidationError: \nInvalid `this.prisma.employee.count()` invocation in\nE:\\hr-enterprise\\backend\\src\\analytics\\analytics.service.ts:259:57\n\n  256 const endOfYear = new Date(year, 11, 31);\n  257 \n  258 // Employees at start of year\n 259 const employeesAtStart = await this.prisma.employee.count({\n        select: {\n          _count: {\n            select: {\n              _all: true\n            }\n          }\n        },\n        where: {\n          dateOfJoining: {\n            lt: new Date(\"Invalid Date\")\n                ~~~~~~~~~~~~~~~~~~~~~~~~\n          },\n          OR: [\n            {\n              employmentStatus: \"active\"\n            }\n          ]\n        }\n      })\n\nInvalid value for argument `lt`: Provided Date object is invalid. Expected Date.\n    at ar (E:\\hr-enterprise\\backend\\node_modules\\.prisma\\client\\runtime\\client.js:14:1379)\n    at e.throwValidationError (E:\\hr-enterprise\\backend\\node_modules\\.prisma\\client\\runtime\\client.js:14:10189)\n    at So (E:\\hr-enterprise\\backend\\node_modules\\.prisma\\client\\runtime\\client.js:14:7553)\n    at Ao (E:\\hr-enterprise\\backend\\node_modules\\.prisma\\client\\runtime\\client.js:14:8880)\n    at So (E:\\hr-enterprise\\backend\\node_modules\\.prisma\\client\\runtime\\client.js:14:8387)\n    at Ao (E:\\hr-enterprise\\backend\\node_modules\\.prisma\\client\\runtime\\client.js:14:8880)\n    at So (E:\\hr-enterprise\\backend\\node_modules\\.prisma\\client\\runtime\\client.js:14:8387)\n    at Ao (E:\\hr-enterprise\\backend\\node_modules\\.prisma\\client\\runtime\\client.js:14:8880)\n    at bt (E:\\hr-enterprise\\backend\\node_modules\\.prisma\\client\\runtime\\client.js:14:5914)\n    at pr (E:\\hr-enterprise\\backend\\node_modules\\.prisma\\client\\runtime\\client.js:14:5816)"],"timestamp":"2026-02-17T08:08:26.267Z"}
{"level":"error","message":"GET /analytics/attrition 500 - 12ms - ::1 - Mozilla/5.0 (Windows NT 10.0; Win64; x64) AppleWebKit/537.36 (KHTML, like Gecko) Chrome/144.0.0.0 Safari/537.36","stack":[null],"timestamp":"2026-02-17T08:08:26.268Z"}
{"context":"HttpExceptionFilter","level":"error","message":"POST /auth/logout 400 - refreshToken must be longer than or equal to 1 characters,refreshToken must be a string","stack":["BadRequestException: Bad Request Exception\n    at ValidationPipe.exceptionFactory (E:\\hr-enterprise\\backend\\node_modules\\.pnpm\\@nestjs+common@11.1.13_clas_80aac132958688bcba90b35163f9dcdb\\node_modules\\@nestjs\\common\\pipes\\validation.pipe.js:112:20)\n    at ValidationPipe.transform (E:\\hr-enterprise\\backend\\node_modules\\.pnpm\\@nestjs+common@11.1.13_clas_80aac132958688bcba90b35163f9dcdb\\node_modules\\@nestjs\\common\\pipes\\validation.pipe.js:79:30)\n    at process.processTicksAndRejections (node:internal/process/task_queues:105:5)\n    at async resolveParamValue (E:\\hr-enterprise\\backend\\node_modules\\.pnpm\\@nestjs+core@11.1.13_@nestj_96be42e2ef954f3497dd2af707cd3b66\\node_modules\\@nestjs\\core\\router\\router-execution-context.js:148:23)\n    at async Promise.all (index 0)\n    at async pipesFn (E:\\hr-enterprise\\backend\\node_modules\\.pnpm\\@nestjs+core@11.1.13_@nestj_96be42e2ef954f3497dd2af707cd3b66\\node_modules\\@nestjs\\core\\router\\router-execution-context.js:151:13)\n    at async E:\\hr-enterprise\\backend\\node_modules\\.pnpm\\@nestjs+core@11.1.13_@nestj_96be42e2ef954f3497dd2af707cd3b66\\node_modules\\@nestjs\\core\\router\\router-execution-context.js:37:30"],"timestamp":"2026-02-17T08:09:01.615Z"}
{"level":"error","message":"POST /auth/logout 400 - 36ms - ::1 - Mozilla/5.0 (Windows NT 10.0; Win64; x64) AppleWebKit/537.36 (KHTML, like Gecko) Chrome/144.0.0.0 Safari/537.36","stack":[null],"timestamp":"2026-02-17T08:09:01.620Z"}
{"context":"HttpExceptionFilter","level":"error","message":"POST /attendance/check-in 409 - Already checked in for today","stack":["ConflictException: Already checked in for today\n    at AttendanceService.checkIn (E:\\hr-enterprise\\backend\\src\\attendance\\attendance.service.ts:115:13)\n    at process.processTicksAndRejections (node:internal/process/task_queues:105:5)"],"timestamp":"2026-02-17T08:14:41.722Z"}
{"level":"error","message":"POST /attendance/check-in 409 - 26ms - ::1 - Mozilla/5.0 (Windows NT 10.0; Win64; x64) AppleWebKit/537.36 (KHTML, like Gecko) Chrome/144.0.0.0 Safari/537.36","stack":[null],"timestamp":"2026-02-17T08:14:41.725Z"}
{"context":"HttpExceptionFilter","level":"error","message":"POST /attendance/check-out 409 - Already checked out for today","stack":["ConflictException: Already checked out for today\n    at AttendanceService.checkOut (E:\\hr-enterprise\\backend\\src\\attendance\\attendance.service.ts:189:13)\n    at process.processTicksAndRejections (node:internal/process/task_queues:105:5)"],"timestamp":"2026-02-17T08:14:45.659Z"}
{"level":"error","message":"POST /attendance/check-out 409 - 12ms - ::1 - Mozilla/5.0 (Windows NT 10.0; Win64; x64) AppleWebKit/537.36 (KHTML, like Gecko) Chrome/144.0.0.0 Safari/537.36","stack":[null],"timestamp":"2026-02-17T08:14:45.663Z"}
{"context":"HttpExceptionFilter","level":"error","message":"POST /leave-requests 400 - property employeeId should not exist","stack":["BadRequestException: Bad Request Exception\n    at ValidationPipe.exceptionFactory (E:\\hr-enterprise\\backend\\node_modules\\.pnpm\\@nestjs+common@11.1.13_clas_80aac132958688bcba90b35163f9dcdb\\node_modules\\@nestjs\\common\\pipes\\validation.pipe.js:112:20)\n    at ValidationPipe.transform (E:\\hr-enterprise\\backend\\node_modules\\.pnpm\\@nestjs+common@11.1.13_clas_80aac132958688bcba90b35163f9dcdb\\node_modules\\@nestjs\\common\\pipes\\validation.pipe.js:79:30)\n    at process.processTicksAndRejections (node:internal/process/task_queues:105:5)\n    at async resolveParamValue (E:\\hr-enterprise\\backend\\node_modules\\.pnpm\\@nestjs+core@11.1.13_@nestj_96be42e2ef954f3497dd2af707cd3b66\\node_modules\\@nestjs\\core\\router\\router-execution-context.js:148:23)\n    at async Promise.all (index 1)\n    at async pipesFn (E:\\hr-enterprise\\backend\\node_modules\\.pnpm\\@nestjs+core@11.1.13_@nestj_96be42e2ef954f3497dd2af707cd3b66\\node_modules\\@nestjs\\core\\router\\router-execution-context.js:151:13)\n    at async E:\\hr-enterprise\\backend\\node_modules\\.pnpm\\@nestjs+core@11.1.13_@nestj_96be42e2ef954f3497dd2af707cd3b66\\node_modules\\@nestjs\\core\\router\\router-execution-context.js:37:30"],"timestamp":"2026-02-17T08:20:12.505Z"}
{"level":"error","message":"POST /leave-requests 400 - 67ms - ::1 - Mozilla/5.0 (Windows NT 10.0; Win64; x64) AppleWebKit/537.36 (KHTML, like Gecko) Chrome/144.0.0.0 Safari/537.36","stack":[null],"timestamp":"2026-02-17T08:20:12.513Z"}
{"context":"HttpExceptionFilter","level":"error","message":"POST /leave-requests 400 - property employeeId should not exist","stack":["BadRequestException: Bad Request Exception\n    at ValidationPipe.exceptionFactory (E:\\hr-enterprise\\backend\\node_modules\\.pnpm\\@nestjs+common@11.1.13_clas_80aac132958688bcba90b35163f9dcdb\\node_modules\\@nestjs\\common\\pipes\\validation.pipe.js:112:20)\n    at ValidationPipe.transform (E:\\hr-enterprise\\backend\\node_modules\\.pnpm\\@nestjs+common@11.1.13_clas_80aac132958688bcba90b35163f9dcdb\\node_modules\\@nestjs\\common\\pipes\\validation.pipe.js:79:30)\n    at process.processTicksAndRejections (node:internal/process/task_queues:105:5)\n    at async resolveParamValue (E:\\hr-enterprise\\backend\\node_modules\\.pnpm\\@nestjs+core@11.1.13_@nestj_96be42e2ef954f3497dd2af707cd3b66\\node_modules\\@nestjs\\core\\router\\router-execution-context.js:148:23)\n    at async Promise.all (index 1)\n    at async pipesFn (E:\\hr-enterprise\\backend\\node_modules\\.pnpm\\@nestjs+core@11.1.13_@nestj_96be42e2ef954f3497dd2af707cd3b66\\node_modules\\@nestjs\\core\\router\\router-execution-context.js:151:13)\n    at async E:\\hr-enterprise\\backend\\node_modules\\.pnpm\\@nestjs+core@11.1.13_@nestj_96be42e2ef954f3497dd2af707cd3b66\\node_modules\\@nestjs\\core\\router\\router-execution-context.js:37:30"],"timestamp":"2026-02-17T08:21:03.334Z"}
{"level":"error","message":"POST /leave-requests 400 - 8ms - ::1 - Mozilla/5.0 (Windows NT 10.0; Win64; x64) AppleWebKit/537.36 (KHTML, like Gecko) Chrome/144.0.0.0 Safari/537.36","stack":[null],"timestamp":"2026-02-17T08:21:03.336Z"}
{"context":"NestApplicationContext","level":"error","message":"Error happened during shutdown","stack":["Error: kill ENOSYS\n    at process.kill (node:internal/process/per_thread:223:13)\n    at process.cleanup (E:\\hr-enterprise\\backend\\node_modules\\.pnpm\\@nestjs+core@11.1.13_@nestj_96be42e2ef954f3497dd2af707cd3b66\\node_modules\\@nestjs\\core\\nest-application-context.js:220:29)\n    at process.processTicksAndRejections (node:internal/process/task_queues:105:5)"],"timestamp":"2026-02-17T08:28:18.123Z"}
{"context":"NestApplicationContext","level":"error","message":"Error happened during shutdown","stack":["Error: kill ENOSYS\n    at process.kill (node:internal/process/per_thread:223:13)\n    at process.cleanup (E:\\hr-enterprise\\backend\\node_modules\\.pnpm\\@nestjs+core@11.1.13_@nestj_96be42e2ef954f3497dd2af707cd3b66\\node_modules\\@nestjs\\core\\nest-application-context.js:220:29)\n    at process.processTicksAndRejections (node:internal/process/task_queues:105:5)"],"timestamp":"2026-02-17T09:22:09.763Z"}
